2026-03-26T20:52:06.639180Z  INFO ThreadId(01) parsing explicitly passed in config (.local/state/flotilla/shpool/config.toml)
2026-03-26T20:52:06.639240Z  INFO ThreadId(01) loading config from ".local/state/flotilla/shpool/config.toml"
2026-03-26T20:52:06.639317Z  INFO ThreadId(01) starting with config: Config { norc: None, noecho: None, nosymlink_ssh_auth_sock: None, noread_etc_environment: None, nodaemonize: None, nodaemonize_timeout: None, shell: None, env: None, default_dir: None, forward_env: Some(["TERM", "TERMINFO", "TERMINFO_DIRS", "COLORTERM"]), initial_path: None, session_restore_mode: None, output_spool_lines: None, vt100_output_spool_width: None, keybinding: None, prompt_prefix: Some(""), motd: None, motd_args: None }
2026-03-26T20:52:06.639342Z  INFO ThreadId(01) new: new
2026-03-26T20:52:06.639350Z  INFO ThreadId(01) new:with_debounce: new
2026-03-26T20:52:06.639381Z  INFO ThreadId(01) new:with_debounce: close time.busy=26.0µs time.idle=5.00µs
2026-03-26T20:52:06.639389Z  INFO ThreadId(01) new: close time.busy=40.4µs time.idle=7.17µs
2026-03-26T20:52:06.639396Z  INFO ThreadId(01) watch: new
2026-03-26T20:52:06.639403Z  INFO ThreadId(02) run: new
2026-03-26T20:52:06.640643Z  INFO ThreadId(01) watch: close time.busy=1.24ms time.idle=3.63µs
2026-03-26T20:52:06.640653Z  INFO ThreadId(01) run: new
2026-03-26T20:52:06.640658Z  INFO ThreadId(01) run: 

======================== STARTING DAEMON ============================


2026-03-26T20:52:06.640662Z  INFO ThreadId(01) run:new: new
2026-03-26T20:52:06.640681Z  INFO ThreadId(01) run:new: close time.busy=15.5µs time.idle=3.33µs
2026-03-26T20:52:06.640687Z  INFO ThreadId(01) run: no systemd activation socket: fetching LISTEN_FDS env var

Caused by:
    environment variable not found
2026-03-26T20:52:06.640691Z  INFO ThreadId(04) ttl_reaper: new
2026-03-26T20:52:06.640770Z  INFO ThreadId(01) run: spawning signal handler thread
2026-03-26T20:52:06.640800Z  INFO ThreadId(01) run:serve: new
2026-03-26T20:52:06.745660Z  INFO ThreadId(02) run: reloading config
2026-03-26T20:52:06.745711Z  INFO ThreadId(02) run: loading config from ".local/state/flotilla/shpool/config.toml"
2026-03-26T20:52:06.745862Z  INFO ThreadId(02) run: new config: Config { norc: None, noecho: None, nosymlink_ssh_auth_sock: None, noread_etc_environment: None, nodaemonize: None, nodaemonize_timeout: None, shell: None, env: None, default_dir: None, forward_env: Some(["TERM", "TERMINFO", "TERMINFO_DIRS", "COLORTERM"]), initial_path: None, session_restore_mode: None, output_spool_lines: None, vt100_output_spool_width: None, keybinding: None, prompt_prefix: Some(""), motd: None, motd_args: None }
2026-03-26T20:52:31.343160Z  INFO ThreadId(01) run:serve: socket got a new connection
2026-03-26T20:52:31.343238Z  INFO ThreadId(01) run:serve: socket got a new connection
2026-03-26T20:52:31.343738Z  INFO ThreadId(09) handle_conn{cid=2}: new
2026-03-26T20:52:31.343738Z  INFO ThreadId(08) handle_conn{cid=1}: new
2026-03-26T20:52:31.343797Z  INFO ThreadId(08) handle_conn{cid=1}: EINVAL setting read timeout, peer already closed (presence probe)
2026-03-26T20:52:31.343813Z  INFO ThreadId(08) handle_conn{cid=1}: close time.busy=18.5µs time.idle=56.6µs
2026-03-26T20:52:31.343772Z  INFO ThreadId(09) handle_conn{cid=2}:parse_connect_header: new
2026-03-26T20:52:31.344286Z  INFO ThreadId(09) handle_conn{cid=2}:parse_connect_header: close time.busy=448µs time.idle=66.2µs
2026-03-26T20:52:31.344315Z  INFO ThreadId(09) handle_conn{cid=2}:handle_attach: new
2026-03-26T20:52:31.344337Z  INFO ThreadId(09) handle_conn{cid=2}:handle_attach:build_shell_env: new
2026-03-26T20:52:31.344350Z  INFO ThreadId(09) handle_conn{cid=2}:handle_attach:build_shell_env: injecting TERM into shell Some("xterm-ghostty")
2026-03-26T20:52:31.344365Z  WARN ThreadId(09) handle_conn{cid=2}:handle_attach:build_shell_env: could not open /etc/environment to load env vars: Os { code: 2, kind: NotFound, message: "No such file or directory" }
2026-03-26T20:52:31.344373Z  INFO ThreadId(09) handle_conn{cid=2}:handle_attach:build_shell_env: close time.busy=31.3µs time.idle=4.25µs
2026-03-26T20:52:31.344382Z  INFO ThreadId(09) handle_conn{cid=2}:handle_attach:1_lock(shells): new
2026-03-26T20:52:31.344385Z  INFO ThreadId(09) handle_conn{cid=2}:handle_attach:1_lock(shells): no existing 'f900c2ef-7c80-41d1-ba44-0491aba59ed7' session, creating new one
2026-03-26T20:52:31.344388Z  INFO ThreadId(09) handle_conn{cid=2}:handle_attach:1_lock(shells): creating new subshell
2026-03-26T20:52:31.344402Z  INFO ThreadId(09) handle_conn{cid=2}:handle_attach:1_lock(shells):spawn_subshell: new
2026-03-26T20:52:31.344405Z  INFO ThreadId(09) handle_conn{cid=2}:handle_attach:1_lock(shells):spawn_subshell: user_info=Info { default_shell: "/bin/zsh", home_dir: "/Users/robert", user: "robert" }
2026-03-26T20:52:31.344410Z  INFO ThreadId(09) handle_conn{cid=2}:handle_attach:1_lock(shells):spawn_subshell: spawning shell in '/Users/robert/dev/flotilla.test-6'
2026-03-26T20:52:31.345128Z  INFO ThreadId(09) handle_conn{cid=2}:handle_attach:1_lock(shells):spawn_subshell: about to fork subshell noecho=false
2026-03-26T20:52:31.346115Z  INFO ThreadId(09) handle_conn{cid=2}:handle_attach:1_lock(shells):spawn_subshell: supports_sentianls=false
2026-03-26T20:52:31.346190Z  INFO ThreadId(09) handle_conn{cid=2}:handle_attach:1_lock(shells):spawn_subshell:spawn_shell_to_client{s="f900c2ef-7c80-41d1-ba44-0491aba59ed7"}: new
2026-03-26T20:52:31.346294Z  INFO ThreadId(09) handle_conn{cid=2}:handle_attach:1_lock(shells):spawn_subshell:spawn_shell_to_client{s="f900c2ef-7c80-41d1-ba44-0491aba59ed7"}: close time.busy=90.4µs time.idle=13.3µs
2026-03-26T20:52:31.346320Z  INFO ThreadId(09) handle_conn{cid=2}:handle_attach:1_lock(shells):spawn_subshell: close time.busy=1.91ms time.idle=3.00µs
2026-03-26T20:52:31.346332Z  INFO ThreadId(09) handle_conn{cid=2}:handle_attach:1_lock(shells): close time.busy=1.95ms time.idle=2.42µs
2026-03-26T20:52:31.346338Z  INFO ThreadId(09) handle_conn{cid=2}:handle_attach: released lock on shells table
2026-03-26T20:52:31.346345Z  INFO ThreadId(09) handle_conn{cid=2}:handle_attach:link_ssh_auth_sock: new
2026-03-26T20:52:31.346354Z  INFO ThreadId(11) shell->client{s="f900c2ef-7c80-41d1-ba44-0491aba59ed7" cid=2}: new
2026-03-26T20:52:31.346343Z  INFO ThreadId(10) child_watcher{s="f900c2ef-7c80-41d1-ba44-0491aba59ed7" cid=2}: new
2026-03-26T20:52:31.346535Z  INFO ThreadId(11) shell->client{s="f900c2ef-7c80-41d1-ba44-0491aba59ed7" cid=2}: waiting for initial client connection
2026-03-26T20:52:31.347024Z  INFO ThreadId(09) handle_conn{cid=2}:handle_attach:link_ssh_auth_sock: close time.busy=671µs time.idle=8.67µs
2026-03-26T20:52:31.347033Z  INFO ThreadId(09) handle_conn{cid=2}:handle_attach:populate_session_env_file: new
2026-03-26T20:52:31.347041Z  INFO ThreadId(09) handle_conn{cid=2}:handle_attach:populate_session_env_file: populating "/Users/robert/.local/run/shpool/82c0eeace0966024/sessions/f900c2ef-7c80-41d1-ba44-0491aba59ed7/forward.env"
2026-03-26T20:52:31.347129Z  INFO ThreadId(09) handle_conn{cid=2}:handle_attach:populate_session_env_file: close time.busy=93.4µs time.idle=3.29µs
2026-03-26T20:52:31.347135Z  INFO ThreadId(09) handle_conn{cid=2}:handle_attach:write_reply: new
2026-03-26T20:52:31.347154Z  INFO ThreadId(09) handle_conn{cid=2}:handle_attach:write_reply: close time.busy=16.2µs time.idle=2.67µs
2026-03-26T20:52:31.347157Z  INFO ThreadId(09) handle_conn{cid=2}:handle_attach: starting bidi stream loop
2026-03-26T20:52:31.347161Z  INFO ThreadId(09) handle_conn{cid=2}:handle_attach:bidi_stream{s="f900c2ef-7c80-41d1-ba44-0491aba59ed7"}: new
2026-03-26T20:52:31.347164Z  INFO ThreadId(09) handle_conn{cid=2}:handle_attach:bidi_stream{s="f900c2ef-7c80-41d1-ba44-0491aba59ed7"}:initial_attach_lock(shell_to_client_ctl): new
2026-03-26T20:52:31.347242Z  INFO ThreadId(11) shell->client{s="f900c2ef-7c80-41d1-ba44-0491aba59ed7" cid=2}: got initial client connection
2026-03-26T20:52:31.347297Z  INFO ThreadId(11) shell->client{s="f900c2ef-7c80-41d1-ba44-0491aba59ed7" cid=2}: resized fd (rows=17, cols=49)
2026-03-26T20:52:31.347353Z  INFO ThreadId(09) handle_conn{cid=2}:handle_attach:bidi_stream{s="f900c2ef-7c80-41d1-ba44-0491aba59ed7"}:initial_attach_lock(shell_to_client_ctl): client connection status=New
2026-03-26T20:52:31.347385Z  INFO ThreadId(09) handle_conn{cid=2}:handle_attach:bidi_stream{s="f900c2ef-7c80-41d1-ba44-0491aba59ed7"}:initial_attach_lock(shell_to_client_ctl): close time.busy=219µs time.idle=2.71µs
2026-03-26T20:52:31.347397Z  INFO ThreadId(09) handle_conn{cid=2}:handle_attach:bidi_stream{s="f900c2ef-7c80-41d1-ba44-0491aba59ed7"}:spawn_client_to_shell: new
2026-03-26T20:52:31.347440Z  INFO ThreadId(09) handle_conn{cid=2}:handle_attach:bidi_stream{s="f900c2ef-7c80-41d1-ba44-0491aba59ed7"}:spawn_client_to_shell: close time.busy=37.0µs time.idle=6.29µs
2026-03-26T20:52:31.347450Z  INFO ThreadId(09) handle_conn{cid=2}:handle_attach:bidi_stream{s="f900c2ef-7c80-41d1-ba44-0491aba59ed7"}:spawn_heartbeat: new
2026-03-26T20:52:31.347471Z  INFO ThreadId(09) handle_conn{cid=2}:handle_attach:bidi_stream{s="f900c2ef-7c80-41d1-ba44-0491aba59ed7"}:spawn_heartbeat: close time.busy=14.5µs time.idle=6.87µs
2026-03-26T20:52:31.347479Z  INFO ThreadId(09) handle_conn{cid=2}:handle_attach:bidi_stream{s="f900c2ef-7c80-41d1-ba44-0491aba59ed7"}:spawn_supervisor: new
2026-03-26T20:52:31.347498Z  INFO ThreadId(09) handle_conn{cid=2}:handle_attach:bidi_stream{s="f900c2ef-7c80-41d1-ba44-0491aba59ed7"}:spawn_supervisor: close time.busy=12.0µs time.idle=6.42µs
2026-03-26T20:52:31.347528Z  INFO ThreadId(12) client->shell{s="f900c2ef-7c80-41d1-ba44-0491aba59ed7" cid=2}: new
2026-03-26T20:52:31.347553Z  INFO ThreadId(13) heartbeat{s="f900c2ef-7c80-41d1-ba44-0491aba59ed7" cid=2}: new
2026-03-26T20:52:31.347573Z  INFO ThreadId(14) supervisor{s="f900c2ef-7c80-41d1-ba44-0491aba59ed7" cid=2}: new
2026-03-26T20:52:31.431541Z  INFO ThreadId(01) run:serve: socket got a new connection
2026-03-26T20:52:31.431610Z  INFO ThreadId(01) run:serve: socket got a new connection
2026-03-26T20:52:31.431630Z  INFO ThreadId(15) handle_conn{cid=3}: new
2026-03-26T20:52:31.431642Z  INFO ThreadId(16) handle_conn{cid=4}: new
2026-03-26T20:52:31.431648Z  INFO ThreadId(15) handle_conn{cid=3}: EINVAL setting read timeout, peer already closed (presence probe)
2026-03-26T20:52:31.431663Z  INFO ThreadId(15) handle_conn{cid=3}: close time.busy=17.2µs time.idle=16.1µs
2026-03-26T20:52:31.431678Z  INFO ThreadId(16) handle_conn{cid=4}:parse_connect_header: new
2026-03-26T20:52:31.431821Z  INFO ThreadId(16) handle_conn{cid=4}:parse_connect_header: close time.busy=135µs time.idle=8.33µs
2026-03-26T20:52:31.431855Z  INFO ThreadId(16) handle_conn{cid=4}:handle_attach: new
2026-03-26T20:52:31.431874Z  INFO ThreadId(16) handle_conn{cid=4}:handle_attach:build_shell_env: new
2026-03-26T20:52:31.431886Z  INFO ThreadId(16) handle_conn{cid=4}:handle_attach:build_shell_env: injecting TERM into shell Some("xterm-ghostty")
2026-03-26T20:52:31.431903Z  WARN ThreadId(16) handle_conn{cid=4}:handle_attach:build_shell_env: could not open /etc/environment to load env vars: Os { code: 2, kind: NotFound, message: "No such file or directory" }
2026-03-26T20:52:31.431912Z  INFO ThreadId(16) handle_conn{cid=4}:handle_attach:build_shell_env: close time.busy=31.3µs time.idle=6.83µs
2026-03-26T20:52:31.431919Z  INFO ThreadId(16) handle_conn{cid=4}:handle_attach:1_lock(shells): new
2026-03-26T20:52:31.431926Z  INFO ThreadId(16) handle_conn{cid=4}:handle_attach:1_lock(shells): no existing '331a5746-8bd0-4d04-bfc6-030a562f8b79' session, creating new one
2026-03-26T20:52:31.431931Z  INFO ThreadId(16) handle_conn{cid=4}:handle_attach:1_lock(shells): creating new subshell
2026-03-26T20:52:31.431937Z  INFO ThreadId(16) handle_conn{cid=4}:handle_attach:1_lock(shells):spawn_subshell: new
2026-03-26T20:52:31.431943Z  INFO ThreadId(16) handle_conn{cid=4}:handle_attach:1_lock(shells):spawn_subshell: user_info=Info { default_shell: "/bin/zsh", home_dir: "/Users/robert", user: "robert" }
2026-03-26T20:52:31.431951Z  INFO ThreadId(16) handle_conn{cid=4}:handle_attach:1_lock(shells):spawn_subshell: spawning shell in '/Users/robert/dev/flotilla.test-6'
2026-03-26T20:52:31.432496Z  INFO ThreadId(16) handle_conn{cid=4}:handle_attach:1_lock(shells):spawn_subshell: about to fork subshell noecho=false
2026-03-26T20:52:31.433848Z  INFO ThreadId(16) handle_conn{cid=4}:handle_attach:1_lock(shells):spawn_subshell: supports_sentianls=false
2026-03-26T20:52:31.433882Z  INFO ThreadId(17) child_watcher{s="331a5746-8bd0-4d04-bfc6-030a562f8b79" cid=4}: new
2026-03-26T20:52:31.433899Z  INFO ThreadId(16) handle_conn{cid=4}:handle_attach:1_lock(shells):spawn_subshell:spawn_shell_to_client{s="331a5746-8bd0-4d04-bfc6-030a562f8b79"}: new
2026-03-26T20:52:31.433957Z  INFO ThreadId(16) handle_conn{cid=4}:handle_attach:1_lock(shells):spawn_subshell:spawn_shell_to_client{s="331a5746-8bd0-4d04-bfc6-030a562f8b79"}: close time.busy=42.9µs time.idle=14.9µs
2026-03-26T20:52:31.433980Z  INFO ThreadId(16) handle_conn{cid=4}:handle_attach:1_lock(shells):spawn_subshell: close time.busy=2.04ms time.idle=5.62µs
2026-03-26T20:52:31.433991Z  INFO ThreadId(16) handle_conn{cid=4}:handle_attach:1_lock(shells): close time.busy=2.07ms time.idle=5.67µs
2026-03-26T20:52:31.433993Z  INFO ThreadId(18) shell->client{s="331a5746-8bd0-4d04-bfc6-030a562f8b79" cid=4}: new
2026-03-26T20:52:31.433995Z  INFO ThreadId(16) handle_conn{cid=4}:handle_attach: released lock on shells table
2026-03-26T20:52:31.434094Z  INFO ThreadId(16) handle_conn{cid=4}:handle_attach:link_ssh_auth_sock: new
2026-03-26T20:52:31.434133Z  INFO ThreadId(18) shell->client{s="331a5746-8bd0-4d04-bfc6-030a562f8b79" cid=4}: waiting for initial client connection
2026-03-26T20:52:31.434357Z  INFO ThreadId(16) handle_conn{cid=4}:handle_attach:link_ssh_auth_sock: close time.busy=254µs time.idle=8.67µs
2026-03-26T20:52:31.434370Z  INFO ThreadId(16) handle_conn{cid=4}:handle_attach:populate_session_env_file: new
2026-03-26T20:52:31.434384Z  INFO ThreadId(16) handle_conn{cid=4}:handle_attach:populate_session_env_file: populating "/Users/robert/.local/run/shpool/82c0eeace0966024/sessions/331a5746-8bd0-4d04-bfc6-030a562f8b79/forward.env"
2026-03-26T20:52:31.434558Z  INFO ThreadId(16) handle_conn{cid=4}:handle_attach:populate_session_env_file: close time.busy=182µs time.idle=6.21µs
2026-03-26T20:52:31.434571Z  INFO ThreadId(16) handle_conn{cid=4}:handle_attach:write_reply: new
2026-03-26T20:52:31.434603Z  INFO ThreadId(16) handle_conn{cid=4}:handle_attach:write_reply: close time.busy=26.2µs time.idle=6.46µs
2026-03-26T20:52:31.434612Z  INFO ThreadId(16) handle_conn{cid=4}:handle_attach: starting bidi stream loop
2026-03-26T20:52:31.434619Z  INFO ThreadId(16) handle_conn{cid=4}:handle_attach:bidi_stream{s="331a5746-8bd0-4d04-bfc6-030a562f8b79"}: new
2026-03-26T20:52:31.434631Z  INFO ThreadId(16) handle_conn{cid=4}:handle_attach:bidi_stream{s="331a5746-8bd0-4d04-bfc6-030a562f8b79"}:initial_attach_lock(shell_to_client_ctl): new
2026-03-26T20:52:31.435158Z  INFO ThreadId(18) shell->client{s="331a5746-8bd0-4d04-bfc6-030a562f8b79" cid=4}: got initial client connection
2026-03-26T20:52:31.435207Z  INFO ThreadId(18) shell->client{s="331a5746-8bd0-4d04-bfc6-030a562f8b79" cid=4}: resized fd (rows=17, cols=49)
2026-03-26T20:52:31.435872Z  INFO ThreadId(16) handle_conn{cid=4}:handle_attach:bidi_stream{s="331a5746-8bd0-4d04-bfc6-030a562f8b79"}:initial_attach_lock(shell_to_client_ctl): client connection status=New
2026-03-26T20:52:31.435885Z  INFO ThreadId(16) handle_conn{cid=4}:handle_attach:bidi_stream{s="331a5746-8bd0-4d04-bfc6-030a562f8b79"}:initial_attach_lock(shell_to_client_ctl): close time.busy=1.25ms time.idle=6.00µs
2026-03-26T20:52:31.436079Z  INFO ThreadId(16) handle_conn{cid=4}:handle_attach:bidi_stream{s="331a5746-8bd0-4d04-bfc6-030a562f8b79"}:spawn_client_to_shell: new
2026-03-26T20:52:31.436128Z  INFO ThreadId(16) handle_conn{cid=4}:handle_attach:bidi_stream{s="331a5746-8bd0-4d04-bfc6-030a562f8b79"}:spawn_client_to_shell: close time.busy=43.1µs time.idle=5.87µs
2026-03-26T20:52:31.436134Z  INFO ThreadId(16) handle_conn{cid=4}:handle_attach:bidi_stream{s="331a5746-8bd0-4d04-bfc6-030a562f8b79"}:spawn_heartbeat: new
2026-03-26T20:52:31.436144Z  INFO ThreadId(16) handle_conn{cid=4}:handle_attach:bidi_stream{s="331a5746-8bd0-4d04-bfc6-030a562f8b79"}:spawn_heartbeat: close time.busy=7.17µs time.idle=2.88µs
2026-03-26T20:52:31.436469Z  INFO ThreadId(19) client->shell{s="331a5746-8bd0-4d04-bfc6-030a562f8b79" cid=4}: new
2026-03-26T20:52:31.436528Z  INFO ThreadId(20) heartbeat{s="331a5746-8bd0-4d04-bfc6-030a562f8b79" cid=4}: new
2026-03-26T20:52:31.436920Z  INFO ThreadId(16) handle_conn{cid=4}:handle_attach:bidi_stream{s="331a5746-8bd0-4d04-bfc6-030a562f8b79"}:spawn_supervisor: new
2026-03-26T20:52:31.436933Z  INFO ThreadId(16) handle_conn{cid=4}:handle_attach:bidi_stream{s="331a5746-8bd0-4d04-bfc6-030a562f8b79"}:spawn_supervisor: close time.busy=7.46µs time.idle=5.50µs
2026-03-26T20:52:31.437894Z  INFO ThreadId(21) supervisor{s="331a5746-8bd0-4d04-bfc6-030a562f8b79" cid=4}: new
2026-03-26T20:52:31.551448Z  INFO ThreadId(01) run:serve: socket got a new connection
2026-03-26T20:52:31.552031Z  INFO ThreadId(22) handle_conn{cid=5}: new
2026-03-26T20:52:31.552076Z  INFO ThreadId(22) handle_conn{cid=5}:parse_connect_header: new
2026-03-26T20:52:31.553282Z  INFO ThreadId(22) handle_conn{cid=5}:parse_connect_header: close time.busy=1.20ms time.idle=5.42µs
2026-03-26T20:52:31.553356Z  INFO ThreadId(22) handle_conn{cid=5}:handle_session_message{s="331a5746-8bd0-4d04-bfc6-030a562f8b79"}: new
2026-03-26T20:52:31.553367Z  INFO ThreadId(22) handle_conn{cid=5}:handle_session_message{s="331a5746-8bd0-4d04-bfc6-030a562f8b79"}:lock(shells): new
2026-03-26T20:52:31.553376Z  INFO ThreadId(22) handle_conn{cid=5}:handle_session_message{s="331a5746-8bd0-4d04-bfc6-030a562f8b79"}:lock(shells):lock(pager_ctl): new
2026-03-26T20:52:31.553383Z  INFO ThreadId(22) handle_conn{cid=5}:handle_session_message{s="331a5746-8bd0-4d04-bfc6-030a562f8b79"}:lock(shells):lock(pager_ctl):resize_lock(shell_to_client_ctl): new
2026-03-26T20:52:31.560260Z  INFO ThreadId(01) run:serve: socket got a new connection
2026-03-26T20:52:31.560735Z  INFO ThreadId(23) handle_conn{cid=6}: new
2026-03-26T20:52:31.560758Z  INFO ThreadId(23) handle_conn{cid=6}:parse_connect_header: new
2026-03-26T20:52:31.561435Z  INFO ThreadId(23) handle_conn{cid=6}:parse_connect_header: close time.busy=671µs time.idle=4.71µs
2026-03-26T20:52:31.561479Z  INFO ThreadId(23) handle_conn{cid=6}:handle_session_message{s="f900c2ef-7c80-41d1-ba44-0491aba59ed7"}: new
2026-03-26T20:52:31.561488Z  INFO ThreadId(23) handle_conn{cid=6}:handle_session_message{s="f900c2ef-7c80-41d1-ba44-0491aba59ed7"}:lock(shells): new
2026-03-26T20:52:31.636608Z  INFO ThreadId(18) shell->client{s="331a5746-8bd0-4d04-bfc6-030a562f8b79" cid=4}: resize size=TtySize { rows: 28, cols: 92, xpixel: 1480, ypixel: 972 }
2026-03-26T20:52:31.636856Z  INFO ThreadId(18) shell->client{s="331a5746-8bd0-4d04-bfc6-030a562f8b79" cid=4}: resized fd (rows=28, cols=92)
2026-03-26T20:52:31.636866Z  INFO ThreadId(22) handle_conn{cid=5}:handle_session_message{s="331a5746-8bd0-4d04-bfc6-030a562f8b79"}:lock(shells):lock(pager_ctl):resize_lock(shell_to_client_ctl): close time.busy=83.5ms time.idle=6.92µs
2026-03-26T20:52:31.636900Z  INFO ThreadId(22) handle_conn{cid=5}:handle_session_message{s="331a5746-8bd0-4d04-bfc6-030a562f8b79"}:lock(shells):lock(pager_ctl): close time.busy=83.5ms time.idle=6.29µs
2026-03-26T20:52:31.636914Z  INFO ThreadId(22) handle_conn{cid=5}:handle_session_message{s="331a5746-8bd0-4d04-bfc6-030a562f8b79"}:lock(shells): close time.busy=83.5ms time.idle=6.12µs
2026-03-26T20:52:31.636925Z  INFO ThreadId(22) handle_conn{cid=5}:handle_session_message{s="331a5746-8bd0-4d04-bfc6-030a562f8b79"}:write_reply: new
2026-03-26T20:52:31.636925Z  INFO ThreadId(23) handle_conn{cid=6}:handle_session_message{s="f900c2ef-7c80-41d1-ba44-0491aba59ed7"}:lock(shells):lock(pager_ctl): new
2026-03-26T20:52:31.636947Z  INFO ThreadId(23) handle_conn{cid=6}:handle_session_message{s="f900c2ef-7c80-41d1-ba44-0491aba59ed7"}:lock(shells):lock(pager_ctl):resize_lock(shell_to_client_ctl): new
2026-03-26T20:52:31.636954Z  INFO ThreadId(22) handle_conn{cid=5}:handle_session_message{s="331a5746-8bd0-4d04-bfc6-030a562f8b79"}:write_reply: close time.busy=21.3µs time.idle=8.38µs
2026-03-26T20:52:31.636983Z  INFO ThreadId(22) handle_conn{cid=5}:handle_session_message{s="331a5746-8bd0-4d04-bfc6-030a562f8b79"}: close time.busy=83.6ms time.idle=9.46µs
2026-03-26T20:52:31.636992Z  INFO ThreadId(22) handle_conn{cid=5}: close time.busy=84.9ms time.idle=26.2µs
2026-03-26T20:52:31.637051Z  INFO ThreadId(01) run:serve: socket got a new connection
2026-03-26T20:52:31.637109Z  INFO ThreadId(24) handle_conn{cid=7}: new
2026-03-26T20:52:31.637143Z  INFO ThreadId(24) handle_conn{cid=7}:parse_connect_header: new
2026-03-26T20:52:31.637195Z  INFO ThreadId(24) handle_conn{cid=7}:parse_connect_header: close time.busy=42.8µs time.idle=8.67µs
2026-03-26T20:52:31.637217Z  INFO ThreadId(24) handle_conn{cid=7}:handle_session_message{s="331a5746-8bd0-4d04-bfc6-030a562f8b79"}: new
2026-03-26T20:52:31.637221Z  INFO ThreadId(24) handle_conn{cid=7}:handle_session_message{s="331a5746-8bd0-4d04-bfc6-030a562f8b79"}:lock(shells): new
2026-03-26T20:52:31.681231Z  INFO ThreadId(11) shell->client{s="f900c2ef-7c80-41d1-ba44-0491aba59ed7" cid=2}: resize size=TtySize { rows: 59, cols: 92, xpixel: 1480, ypixel: 2014 }
2026-03-26T20:52:31.682161Z  INFO ThreadId(11) shell->client{s="f900c2ef-7c80-41d1-ba44-0491aba59ed7" cid=2}: resized fd (rows=59, cols=92)
2026-03-26T20:52:31.682207Z  INFO ThreadId(23) handle_conn{cid=6}:handle_session_message{s="f900c2ef-7c80-41d1-ba44-0491aba59ed7"}:lock(shells):lock(pager_ctl):resize_lock(shell_to_client_ctl): close time.busy=45.3ms time.idle=9.87µs
2026-03-26T20:52:31.682227Z  INFO ThreadId(23) handle_conn{cid=6}:handle_session_message{s="f900c2ef-7c80-41d1-ba44-0491aba59ed7"}:lock(shells):lock(pager_ctl): close time.busy=45.3ms time.idle=21.3µs
2026-03-26T20:52:31.682242Z  INFO ThreadId(23) handle_conn{cid=6}:handle_session_message{s="f900c2ef-7c80-41d1-ba44-0491aba59ed7"}:lock(shells): close time.busy=121ms time.idle=5.79µs
2026-03-26T20:52:31.682252Z  INFO ThreadId(23) handle_conn{cid=6}:handle_session_message{s="f900c2ef-7c80-41d1-ba44-0491aba59ed7"}:write_reply: new
2026-03-26T20:52:31.682274Z  INFO ThreadId(23) handle_conn{cid=6}:handle_session_message{s="f900c2ef-7c80-41d1-ba44-0491aba59ed7"}:write_reply: close time.busy=16.1µs time.idle=7.04µs
2026-03-26T20:52:31.682282Z  INFO ThreadId(23) handle_conn{cid=6}:handle_session_message{s="f900c2ef-7c80-41d1-ba44-0491aba59ed7"}: close time.busy=121ms time.idle=8.33µs
2026-03-26T20:52:31.682296Z  INFO ThreadId(23) handle_conn{cid=6}: close time.busy=122ms time.idle=13.1µs
2026-03-26T20:52:31.682568Z  INFO ThreadId(24) handle_conn{cid=7}:handle_session_message{s="331a5746-8bd0-4d04-bfc6-030a562f8b79"}:lock(shells):lock(pager_ctl): new
2026-03-26T20:52:31.682585Z  INFO ThreadId(24) handle_conn{cid=7}:handle_session_message{s="331a5746-8bd0-4d04-bfc6-030a562f8b79"}:lock(shells):lock(pager_ctl):resize_lock(shell_to_client_ctl): new
2026-03-26T20:52:31.682673Z  INFO ThreadId(01) run:serve: socket got a new connection
2026-03-26T20:52:31.682725Z  INFO ThreadId(25) handle_conn{cid=8}: new
2026-03-26T20:52:31.682744Z  INFO ThreadId(25) handle_conn{cid=8}:parse_connect_header: new
2026-03-26T20:52:31.682890Z  INFO ThreadId(25) handle_conn{cid=8}:parse_connect_header: close time.busy=140µs time.idle=6.50µs
2026-03-26T20:52:31.682924Z  INFO ThreadId(25) handle_conn{cid=8}:handle_session_message{s="f900c2ef-7c80-41d1-ba44-0491aba59ed7"}: new
2026-03-26T20:52:31.682932Z  INFO ThreadId(25) handle_conn{cid=8}:handle_session_message{s="f900c2ef-7c80-41d1-ba44-0491aba59ed7"}:lock(shells): new
2026-03-26T20:52:31.731054Z  INFO ThreadId(18) shell->client{s="331a5746-8bd0-4d04-bfc6-030a562f8b79" cid=4}: resize size=TtySize { rows: 28, cols: 94, xpixel: 1514, ypixel: 972 }
2026-03-26T20:52:31.731439Z  INFO ThreadId(24) handle_conn{cid=7}:handle_session_message{s="331a5746-8bd0-4d04-bfc6-030a562f8b79"}:lock(shells):lock(pager_ctl):resize_lock(shell_to_client_ctl): close time.busy=48.8ms time.idle=6.92µs
2026-03-26T20:52:31.731477Z  INFO ThreadId(24) handle_conn{cid=7}:handle_session_message{s="331a5746-8bd0-4d04-bfc6-030a562f8b79"}:lock(shells):lock(pager_ctl): close time.busy=48.9ms time.idle=16.8µs
2026-03-26T20:52:31.731457Z  INFO ThreadId(18) shell->client{s="331a5746-8bd0-4d04-bfc6-030a562f8b79" cid=4}: resized fd (rows=28, cols=94)
2026-03-26T20:52:31.731516Z  INFO ThreadId(25) handle_conn{cid=8}:handle_session_message{s="f900c2ef-7c80-41d1-ba44-0491aba59ed7"}:lock(shells):lock(pager_ctl): new
2026-03-26T20:52:31.731535Z  INFO ThreadId(25) handle_conn{cid=8}:handle_session_message{s="f900c2ef-7c80-41d1-ba44-0491aba59ed7"}:lock(shells):lock(pager_ctl):resize_lock(shell_to_client_ctl): new
2026-03-26T20:52:31.731504Z  INFO ThreadId(24) handle_conn{cid=7}:handle_session_message{s="331a5746-8bd0-4d04-bfc6-030a562f8b79"}:lock(shells): close time.busy=94.3ms time.idle=2.96µs
2026-03-26T20:52:31.731633Z  INFO ThreadId(24) handle_conn{cid=7}:handle_session_message{s="331a5746-8bd0-4d04-bfc6-030a562f8b79"}:write_reply: new
2026-03-26T20:52:31.731684Z  INFO ThreadId(24) handle_conn{cid=7}:handle_session_message{s="331a5746-8bd0-4d04-bfc6-030a562f8b79"}:write_reply: close time.busy=42.1µs time.idle=8.75µs
2026-03-26T20:52:31.731695Z  INFO ThreadId(24) handle_conn{cid=7}:handle_session_message{s="331a5746-8bd0-4d04-bfc6-030a562f8b79"}: close time.busy=94.5ms time.idle=3.79µs
2026-03-26T20:52:31.731707Z  INFO ThreadId(24) handle_conn{cid=7}: close time.busy=94.6ms time.idle=24.0µs
2026-03-26T20:52:31.745444Z  INFO ThreadId(11) shell->client{s="f900c2ef-7c80-41d1-ba44-0491aba59ed7" cid=2}: resize size=TtySize { rows: 59, cols: 94, xpixel: 1514, ypixel: 2014 }
2026-03-26T20:52:31.745537Z  INFO ThreadId(25) handle_conn{cid=8}:handle_session_message{s="f900c2ef-7c80-41d1-ba44-0491aba59ed7"}:lock(shells):lock(pager_ctl):resize_lock(shell_to_client_ctl): close time.busy=13.9ms time.idle=65.3µs
2026-03-26T20:52:31.745554Z  INFO ThreadId(25) handle_conn{cid=8}:handle_session_message{s="f900c2ef-7c80-41d1-ba44-0491aba59ed7"}:lock(shells):lock(pager_ctl): close time.busy=14.0ms time.idle=18.0µs
2026-03-26T20:52:31.745558Z  INFO ThreadId(25) handle_conn{cid=8}:handle_session_message{s="f900c2ef-7c80-41d1-ba44-0491aba59ed7"}:lock(shells): close time.busy=62.6ms time.idle=5.79µs
2026-03-26T20:52:31.745564Z  INFO ThreadId(25) handle_conn{cid=8}:handle_session_message{s="f900c2ef-7c80-41d1-ba44-0491aba59ed7"}:write_reply: new
2026-03-26T20:52:31.745578Z  INFO ThreadId(25) handle_conn{cid=8}:handle_session_message{s="f900c2ef-7c80-41d1-ba44-0491aba59ed7"}:write_reply: close time.busy=11.5µs time.idle=3.08µs
2026-03-26T20:52:31.745583Z  INFO ThreadId(25) handle_conn{cid=8}:handle_session_message{s="f900c2ef-7c80-41d1-ba44-0491aba59ed7"}: close time.busy=62.7ms time.idle=8.00µs
2026-03-26T20:52:31.745591Z  INFO ThreadId(25) handle_conn{cid=8}: close time.busy=62.9ms time.idle=9.29µs
2026-03-26T20:52:31.745673Z  INFO ThreadId(11) shell->client{s="f900c2ef-7c80-41d1-ba44-0491aba59ed7" cid=2}: resized fd (rows=59, cols=94)
2026-03-26T20:52:31.773998Z  INFO ThreadId(01) run:serve: socket got a new connection
2026-03-26T20:52:31.774057Z  INFO ThreadId(01) run:serve: socket got a new connection
2026-03-26T20:52:31.774068Z  INFO ThreadId(26) handle_conn{cid=9}: new
2026-03-26T20:52:31.774089Z  INFO ThreadId(26) handle_conn{cid=9}: EINVAL setting read timeout, peer already closed (presence probe)
2026-03-26T20:52:31.774098Z  INFO ThreadId(26) handle_conn{cid=9}: close time.busy=11.1µs time.idle=19.3µs
2026-03-26T20:52:31.774401Z  INFO ThreadId(27) handle_conn{cid=10}: new
2026-03-26T20:52:31.774491Z  INFO ThreadId(27) handle_conn{cid=10}:parse_connect_header: new
2026-03-26T20:52:31.774816Z  INFO ThreadId(27) handle_conn{cid=10}:parse_connect_header: close time.busy=316µs time.idle=9.08µs
2026-03-26T20:52:31.774834Z  INFO ThreadId(27) handle_conn{cid=10}:handle_attach: new
2026-03-26T20:52:31.774855Z  INFO ThreadId(27) handle_conn{cid=10}:handle_attach:build_shell_env: new
2026-03-26T20:52:31.774866Z  INFO ThreadId(27) handle_conn{cid=10}:handle_attach:build_shell_env: injecting TERM into shell Some("xterm-ghostty")
2026-03-26T20:52:31.774876Z  WARN ThreadId(27) handle_conn{cid=10}:handle_attach:build_shell_env: could not open /etc/environment to load env vars: Os { code: 2, kind: NotFound, message: "No such file or directory" }
2026-03-26T20:52:31.774888Z  INFO ThreadId(27) handle_conn{cid=10}:handle_attach:build_shell_env: close time.busy=30.0µs time.idle=3.50µs
2026-03-26T20:52:31.774893Z  INFO ThreadId(27) handle_conn{cid=10}:handle_attach:1_lock(shells): new
2026-03-26T20:52:31.774896Z  INFO ThreadId(27) handle_conn{cid=10}:handle_attach:1_lock(shells): no existing '955872e3-5a23-43a6-8d0e-f5c3ad4093dd' session, creating new one
2026-03-26T20:52:31.774899Z  INFO ThreadId(27) handle_conn{cid=10}:handle_attach:1_lock(shells): creating new subshell
2026-03-26T20:52:31.774902Z  INFO ThreadId(27) handle_conn{cid=10}:handle_attach:1_lock(shells):spawn_subshell: new
2026-03-26T20:52:31.774904Z  INFO ThreadId(27) handle_conn{cid=10}:handle_attach:1_lock(shells):spawn_subshell: user_info=Info { default_shell: "/bin/zsh", home_dir: "/Users/robert", user: "robert" }
2026-03-26T20:52:31.774909Z  INFO ThreadId(27) handle_conn{cid=10}:handle_attach:1_lock(shells):spawn_subshell: spawning shell in '/Users/robert/dev/flotilla.test-6'
2026-03-26T20:52:31.775328Z  INFO ThreadId(27) handle_conn{cid=10}:handle_attach:1_lock(shells):spawn_subshell: about to fork subshell noecho=false
2026-03-26T20:52:31.777561Z  INFO ThreadId(28) child_watcher{s="955872e3-5a23-43a6-8d0e-f5c3ad4093dd" cid=10}: new
2026-03-26T20:52:31.777510Z  INFO ThreadId(27) handle_conn{cid=10}:handle_attach:1_lock(shells):spawn_subshell: supports_sentianls=false
2026-03-26T20:52:31.777735Z  INFO ThreadId(27) handle_conn{cid=10}:handle_attach:1_lock(shells):spawn_subshell:spawn_shell_to_client{s="955872e3-5a23-43a6-8d0e-f5c3ad4093dd"}: new
2026-03-26T20:52:31.777793Z  INFO ThreadId(27) handle_conn{cid=10}:handle_attach:1_lock(shells):spawn_subshell:spawn_shell_to_client{s="955872e3-5a23-43a6-8d0e-f5c3ad4093dd"}: close time.busy=52.3µs time.idle=5.62µs
2026-03-26T20:52:31.777822Z  INFO ThreadId(27) handle_conn{cid=10}:handle_attach:1_lock(shells):spawn_subshell: close time.busy=2.92ms time.idle=2.21µs
2026-03-26T20:52:31.777830Z  INFO ThreadId(27) handle_conn{cid=10}:handle_attach:1_lock(shells): close time.busy=2.93ms time.idle=3.00µs
2026-03-26T20:52:31.777834Z  INFO ThreadId(27) handle_conn{cid=10}:handle_attach: released lock on shells table
2026-03-26T20:52:31.777837Z  INFO ThreadId(27) handle_conn{cid=10}:handle_attach:link_ssh_auth_sock: new
2026-03-26T20:52:31.778013Z  INFO ThreadId(27) handle_conn{cid=10}:handle_attach:link_ssh_auth_sock: close time.busy=173µs time.idle=2.71µs
2026-03-26T20:52:31.778017Z  INFO ThreadId(27) handle_conn{cid=10}:handle_attach:populate_session_env_file: new
2026-03-26T20:52:31.778024Z  INFO ThreadId(27) handle_conn{cid=10}:handle_attach:populate_session_env_file: populating "/Users/robert/.local/run/shpool/82c0eeace0966024/sessions/955872e3-5a23-43a6-8d0e-f5c3ad4093dd/forward.env"
2026-03-26T20:52:31.778143Z  INFO ThreadId(27) handle_conn{cid=10}:handle_attach:populate_session_env_file: close time.busy=123µs time.idle=2.71µs
2026-03-26T20:52:31.778157Z  INFO ThreadId(27) handle_conn{cid=10}:handle_attach:write_reply: new
2026-03-26T20:52:31.778178Z  INFO ThreadId(27) handle_conn{cid=10}:handle_attach:write_reply: close time.busy=17.6µs time.idle=3.00µs
2026-03-26T20:52:31.778182Z  INFO ThreadId(27) handle_conn{cid=10}:handle_attach: starting bidi stream loop
2026-03-26T20:52:31.778185Z  INFO ThreadId(27) handle_conn{cid=10}:handle_attach:bidi_stream{s="955872e3-5a23-43a6-8d0e-f5c3ad4093dd"}: new
2026-03-26T20:52:31.778192Z  INFO ThreadId(27) handle_conn{cid=10}:handle_attach:bidi_stream{s="955872e3-5a23-43a6-8d0e-f5c3ad4093dd"}:initial_attach_lock(shell_to_client_ctl): new
2026-03-26T20:52:31.778219Z  INFO ThreadId(29) shell->client{s="955872e3-5a23-43a6-8d0e-f5c3ad4093dd" cid=10}: new
2026-03-26T20:52:31.778507Z  INFO ThreadId(29) shell->client{s="955872e3-5a23-43a6-8d0e-f5c3ad4093dd" cid=10}: waiting for initial client connection
2026-03-26T20:52:31.778794Z  INFO ThreadId(27) handle_conn{cid=10}:handle_attach:bidi_stream{s="955872e3-5a23-43a6-8d0e-f5c3ad4093dd"}:initial_attach_lock(shell_to_client_ctl): client connection status=New
2026-03-26T20:52:31.778802Z  INFO ThreadId(29) shell->client{s="955872e3-5a23-43a6-8d0e-f5c3ad4093dd" cid=10}: got initial client connection
2026-03-26T20:52:31.778809Z  INFO ThreadId(27) handle_conn{cid=10}:handle_attach:bidi_stream{s="955872e3-5a23-43a6-8d0e-f5c3ad4093dd"}:initial_attach_lock(shell_to_client_ctl): close time.busy=614µs time.idle=2.67µs
2026-03-26T20:52:31.778847Z  INFO ThreadId(27) handle_conn{cid=10}:handle_attach:bidi_stream{s="955872e3-5a23-43a6-8d0e-f5c3ad4093dd"}:spawn_client_to_shell: new
2026-03-26T20:52:31.778851Z  INFO ThreadId(29) shell->client{s="955872e3-5a23-43a6-8d0e-f5c3ad4093dd" cid=10}: resized fd (rows=28, cols=94)
2026-03-26T20:52:31.778913Z  INFO ThreadId(27) handle_conn{cid=10}:handle_attach:bidi_stream{s="955872e3-5a23-43a6-8d0e-f5c3ad4093dd"}:spawn_client_to_shell: close time.busy=54.8µs time.idle=11.9µs
2026-03-26T20:52:31.778924Z  INFO ThreadId(27) handle_conn{cid=10}:handle_attach:bidi_stream{s="955872e3-5a23-43a6-8d0e-f5c3ad4093dd"}:spawn_heartbeat: new
2026-03-26T20:52:31.778930Z  INFO ThreadId(30) client->shell{s="955872e3-5a23-43a6-8d0e-f5c3ad4093dd" cid=10}: new
2026-03-26T20:52:31.778948Z  INFO ThreadId(27) handle_conn{cid=10}:handle_attach:bidi_stream{s="955872e3-5a23-43a6-8d0e-f5c3ad4093dd"}:spawn_heartbeat: close time.busy=18.1µs time.idle=6.17µs
2026-03-26T20:52:31.778959Z  INFO ThreadId(27) handle_conn{cid=10}:handle_attach:bidi_stream{s="955872e3-5a23-43a6-8d0e-f5c3ad4093dd"}:spawn_supervisor: new
2026-03-26T20:52:31.778966Z  INFO ThreadId(31) heartbeat{s="955872e3-5a23-43a6-8d0e-f5c3ad4093dd" cid=10}: new
2026-03-26T20:52:31.778976Z  INFO ThreadId(27) handle_conn{cid=10}:handle_attach:bidi_stream{s="955872e3-5a23-43a6-8d0e-f5c3ad4093dd"}:spawn_supervisor: close time.busy=11.0µs time.idle=5.46µs
2026-03-26T20:52:31.779020Z  INFO ThreadId(32) supervisor{s="955872e3-5a23-43a6-8d0e-f5c3ad4093dd" cid=10}: new
2026-03-26T20:53:15.272015Z  INFO ThreadId(01) run:serve: socket got a new connection
2026-03-26T20:53:15.272204Z  INFO ThreadId(33) handle_conn{cid=11}: new
2026-03-26T20:53:15.272251Z  INFO ThreadId(33) handle_conn{cid=11}:parse_connect_header: new
2026-03-26T20:53:15.272319Z  INFO ThreadId(33) handle_conn{cid=11}:parse_connect_header: close time.busy=56.9µs time.idle=11.2µs
2026-03-26T20:53:15.272361Z  INFO ThreadId(33) handle_conn{cid=11}:handle_session_message{s="f900c2ef-7c80-41d1-ba44-0491aba59ed7"}: new
2026-03-26T20:53:15.272368Z  INFO ThreadId(33) handle_conn{cid=11}:handle_session_message{s="f900c2ef-7c80-41d1-ba44-0491aba59ed7"}:lock(shells): new
2026-03-26T20:53:15.272375Z  INFO ThreadId(33) handle_conn{cid=11}:handle_session_message{s="f900c2ef-7c80-41d1-ba44-0491aba59ed7"}:lock(shells):lock(pager_ctl): new
2026-03-26T20:53:15.272381Z  INFO ThreadId(33) handle_conn{cid=11}:handle_session_message{s="f900c2ef-7c80-41d1-ba44-0491aba59ed7"}:lock(shells):lock(pager_ctl):resize_lock(shell_to_client_ctl): new
2026-03-26T20:53:15.274981Z  INFO ThreadId(01) run:serve: socket got a new connection
2026-03-26T20:53:15.275078Z  INFO ThreadId(34) handle_conn{cid=12}: new
2026-03-26T20:53:15.275105Z  INFO ThreadId(34) handle_conn{cid=12}:parse_connect_header: new
2026-03-26T20:53:15.275245Z  INFO ThreadId(34) handle_conn{cid=12}:parse_connect_header: close time.busy=132µs time.idle=8.17µs
2026-03-26T20:53:15.275273Z  INFO ThreadId(34) handle_conn{cid=12}:handle_session_message{s="331a5746-8bd0-4d04-bfc6-030a562f8b79"}: new
2026-03-26T20:53:15.275278Z  INFO ThreadId(34) handle_conn{cid=12}:handle_session_message{s="331a5746-8bd0-4d04-bfc6-030a562f8b79"}:lock(shells): new
2026-03-26T20:53:15.275841Z  INFO ThreadId(01) run:serve: socket got a new connection
2026-03-26T20:53:15.275963Z  INFO ThreadId(35) handle_conn{cid=13}: new
2026-03-26T20:53:15.276049Z  INFO ThreadId(35) handle_conn{cid=13}:parse_connect_header: new
2026-03-26T20:53:15.276195Z  INFO ThreadId(35) handle_conn{cid=13}:parse_connect_header: close time.busy=133µs time.idle=12.7µs
2026-03-26T20:53:15.276254Z  INFO ThreadId(35) handle_conn{cid=13}:handle_session_message{s="955872e3-5a23-43a6-8d0e-f5c3ad4093dd"}: new
2026-03-26T20:53:15.276262Z  INFO ThreadId(35) handle_conn{cid=13}:handle_session_message{s="955872e3-5a23-43a6-8d0e-f5c3ad4093dd"}:lock(shells): new
2026-03-26T20:53:15.319184Z  INFO ThreadId(11) shell->client{s="f900c2ef-7c80-41d1-ba44-0491aba59ed7" cid=2}: resize size=TtySize { rows: 59, cols: 92, xpixel: 1480, ypixel: 2014 }
2026-03-26T20:53:15.319276Z  INFO ThreadId(33) handle_conn{cid=11}:handle_session_message{s="f900c2ef-7c80-41d1-ba44-0491aba59ed7"}:lock(shells):lock(pager_ctl):resize_lock(shell_to_client_ctl): close time.busy=46.9ms time.idle=6.42µs
2026-03-26T20:53:15.319298Z  INFO ThreadId(11) shell->client{s="f900c2ef-7c80-41d1-ba44-0491aba59ed7" cid=2}: resized fd (rows=59, cols=92)
2026-03-26T20:53:15.319299Z  INFO ThreadId(33) handle_conn{cid=11}:handle_session_message{s="f900c2ef-7c80-41d1-ba44-0491aba59ed7"}:lock(shells):lock(pager_ctl): close time.busy=46.9ms time.idle=5.33µs
2026-03-26T20:53:15.319329Z  INFO ThreadId(33) handle_conn{cid=11}:handle_session_message{s="f900c2ef-7c80-41d1-ba44-0491aba59ed7"}:lock(shells): close time.busy=47.0ms time.idle=5.46µs
2026-03-26T20:53:15.319340Z  INFO ThreadId(33) handle_conn{cid=11}:handle_session_message{s="f900c2ef-7c80-41d1-ba44-0491aba59ed7"}:write_reply: new
2026-03-26T20:53:15.319343Z  INFO ThreadId(34) handle_conn{cid=12}:handle_session_message{s="331a5746-8bd0-4d04-bfc6-030a562f8b79"}:lock(shells):lock(pager_ctl): new
2026-03-26T20:53:15.319359Z  INFO ThreadId(34) handle_conn{cid=12}:handle_session_message{s="331a5746-8bd0-4d04-bfc6-030a562f8b79"}:lock(shells):lock(pager_ctl):resize_lock(shell_to_client_ctl): new
2026-03-26T20:53:15.319375Z  INFO ThreadId(33) handle_conn{cid=11}:handle_session_message{s="f900c2ef-7c80-41d1-ba44-0491aba59ed7"}:write_reply: close time.busy=28.8µs time.idle=7.67µs
2026-03-26T20:53:15.319384Z  INFO ThreadId(33) handle_conn{cid=11}:handle_session_message{s="f900c2ef-7c80-41d1-ba44-0491aba59ed7"}: close time.busy=47.0ms time.idle=7.04µs
2026-03-26T20:53:15.319400Z  INFO ThreadId(33) handle_conn{cid=11}: close time.busy=47.2ms time.idle=28.5µs
2026-03-26T20:53:15.370982Z  INFO ThreadId(18) shell->client{s="331a5746-8bd0-4d04-bfc6-030a562f8b79" cid=4}: resize size=TtySize { rows: 28, cols: 92, xpixel: 1480, ypixel: 972 }
2026-03-26T20:53:15.371043Z  INFO ThreadId(34) handle_conn{cid=12}:handle_session_message{s="331a5746-8bd0-4d04-bfc6-030a562f8b79"}:lock(shells):lock(pager_ctl):resize_lock(shell_to_client_ctl): close time.busy=51.7ms time.idle=10.3µs
2026-03-26T20:53:15.371060Z  INFO ThreadId(18) shell->client{s="331a5746-8bd0-4d04-bfc6-030a562f8b79" cid=4}: resized fd (rows=28, cols=92)
2026-03-26T20:53:15.371061Z  INFO ThreadId(34) handle_conn{cid=12}:handle_session_message{s="331a5746-8bd0-4d04-bfc6-030a562f8b79"}:lock(shells):lock(pager_ctl): close time.busy=51.7ms time.idle=16.0µs
2026-03-26T20:53:15.371086Z  INFO ThreadId(34) handle_conn{cid=12}:handle_session_message{s="331a5746-8bd0-4d04-bfc6-030a562f8b79"}:lock(shells): close time.busy=95.8ms time.idle=18.8µs
2026-03-26T20:53:15.371091Z  INFO ThreadId(34) handle_conn{cid=12}:handle_session_message{s="331a5746-8bd0-4d04-bfc6-030a562f8b79"}:write_reply: new
2026-03-26T20:53:15.371109Z  INFO ThreadId(34) handle_conn{cid=12}:handle_session_message{s="331a5746-8bd0-4d04-bfc6-030a562f8b79"}:write_reply: close time.busy=13.4µs time.idle=3.79µs
2026-03-26T20:53:15.371113Z  INFO ThreadId(34) handle_conn{cid=12}:handle_session_message{s="331a5746-8bd0-4d04-bfc6-030a562f8b79"}: close time.busy=95.8ms time.idle=5.62µs
2026-03-26T20:53:15.371122Z  INFO ThreadId(34) handle_conn{cid=12}: close time.busy=96.0ms time.idle=14.2µs
2026-03-26T20:53:15.371190Z  INFO ThreadId(35) handle_conn{cid=13}:handle_session_message{s="955872e3-5a23-43a6-8d0e-f5c3ad4093dd"}:lock(shells):lock(pager_ctl): new
2026-03-26T20:53:15.371211Z  INFO ThreadId(35) handle_conn{cid=13}:handle_session_message{s="955872e3-5a23-43a6-8d0e-f5c3ad4093dd"}:lock(shells):lock(pager_ctl):resize_lock(shell_to_client_ctl): new
2026-03-26T20:53:15.401422Z  INFO ThreadId(29) shell->client{s="955872e3-5a23-43a6-8d0e-f5c3ad4093dd" cid=10}: resize size=TtySize { rows: 28, cols: 92, xpixel: 1480, ypixel: 972 }
2026-03-26T20:53:15.401663Z  INFO ThreadId(35) handle_conn{cid=13}:handle_session_message{s="955872e3-5a23-43a6-8d0e-f5c3ad4093dd"}:lock(shells):lock(pager_ctl):resize_lock(shell_to_client_ctl): close time.busy=30.4ms time.idle=29.7µs
2026-03-26T20:53:15.401676Z  INFO ThreadId(29) shell->client{s="955872e3-5a23-43a6-8d0e-f5c3ad4093dd" cid=10}: resized fd (rows=28, cols=92)
2026-03-26T20:53:15.401687Z  INFO ThreadId(35) handle_conn{cid=13}:handle_session_message{s="955872e3-5a23-43a6-8d0e-f5c3ad4093dd"}:lock(shells):lock(pager_ctl): close time.busy=30.5ms time.idle=20.1µs
2026-03-26T20:53:15.401705Z  INFO ThreadId(35) handle_conn{cid=13}:handle_session_message{s="955872e3-5a23-43a6-8d0e-f5c3ad4093dd"}:lock(shells): close time.busy=125ms time.idle=16.0µs
2026-03-26T20:53:15.401710Z  INFO ThreadId(35) handle_conn{cid=13}:handle_session_message{s="955872e3-5a23-43a6-8d0e-f5c3ad4093dd"}:write_reply: new
2026-03-26T20:53:15.401733Z  INFO ThreadId(35) handle_conn{cid=13}:handle_session_message{s="955872e3-5a23-43a6-8d0e-f5c3ad4093dd"}:write_reply: close time.busy=20.0µs time.idle=3.25µs
2026-03-26T20:53:15.401739Z  INFO ThreadId(35) handle_conn{cid=13}:handle_session_message{s="955872e3-5a23-43a6-8d0e-f5c3ad4093dd"}: close time.busy=125ms time.idle=7.62µs
2026-03-26T20:53:15.401750Z  INFO ThreadId(35) handle_conn{cid=13}: close time.busy=126ms time.idle=72.8µs
2026-03-26T21:03:36.584048Z  INFO ThreadId(01) run:serve: socket got a new connection
2026-03-26T21:03:36.584820Z  INFO ThreadId(01) run:serve: socket got a new connection
2026-03-26T21:03:36.584841Z  INFO ThreadId(36) handle_conn{cid=14}: new
2026-03-26T21:03:36.584854Z  INFO ThreadId(37) handle_conn{cid=15}: new
2026-03-26T21:03:36.584897Z  INFO ThreadId(36) handle_conn{cid=14}:parse_connect_header: new
2026-03-26T21:03:36.584915Z  INFO ThreadId(37) handle_conn{cid=15}:parse_connect_header: new
2026-03-26T21:03:36.584964Z  INFO ThreadId(36) handle_conn{cid=14}:parse_connect_header: close time.busy=52.8µs time.idle=14.2µs
2026-03-26T21:03:36.584981Z  INFO ThreadId(37) handle_conn{cid=15}:parse_connect_header: close time.busy=55.4µs time.idle=10.3µs
2026-03-26T21:03:36.585007Z  INFO ThreadId(36) handle_conn{cid=14}:handle_session_message{s="f900c2ef-7c80-41d1-ba44-0491aba59ed7"}: new
2026-03-26T21:03:36.585016Z  INFO ThreadId(36) handle_conn{cid=14}:handle_session_message{s="f900c2ef-7c80-41d1-ba44-0491aba59ed7"}:lock(shells): new
2026-03-26T21:03:36.585024Z  INFO ThreadId(36) handle_conn{cid=14}:handle_session_message{s="f900c2ef-7c80-41d1-ba44-0491aba59ed7"}:lock(shells):lock(pager_ctl): new
2026-03-26T21:03:36.585032Z  INFO ThreadId(36) handle_conn{cid=14}:handle_session_message{s="f900c2ef-7c80-41d1-ba44-0491aba59ed7"}:lock(shells):lock(pager_ctl):resize_lock(shell_to_client_ctl): new
2026-03-26T21:03:36.585050Z  INFO ThreadId(37) handle_conn{cid=15}:handle_session_message{s="331a5746-8bd0-4d04-bfc6-030a562f8b79"}: new
2026-03-26T21:03:36.585058Z  INFO ThreadId(37) handle_conn{cid=15}:handle_session_message{s="331a5746-8bd0-4d04-bfc6-030a562f8b79"}:lock(shells): new
2026-03-26T21:03:36.586286Z  INFO ThreadId(01) run:serve: socket got a new connection
2026-03-26T21:03:36.586349Z  INFO ThreadId(38) handle_conn{cid=16}: new
2026-03-26T21:03:36.586371Z  INFO ThreadId(38) handle_conn{cid=16}:parse_connect_header: new
2026-03-26T21:03:36.586411Z  INFO ThreadId(38) handle_conn{cid=16}:parse_connect_header: close time.busy=33.5µs time.idle=5.96µs
2026-03-26T21:03:36.586433Z  INFO ThreadId(38) handle_conn{cid=16}:handle_session_message{s="955872e3-5a23-43a6-8d0e-f5c3ad4093dd"}: new
2026-03-26T21:03:36.586437Z  INFO ThreadId(38) handle_conn{cid=16}:handle_session_message{s="955872e3-5a23-43a6-8d0e-f5c3ad4093dd"}:lock(shells): new
2026-03-26T21:03:36.604055Z  INFO ThreadId(11) shell->client{s="f900c2ef-7c80-41d1-ba44-0491aba59ed7" cid=2}: resize size=TtySize { rows: 59, cols: 94, xpixel: 1514, ypixel: 2014 }
2026-03-26T21:03:36.604191Z  INFO ThreadId(36) handle_conn{cid=14}:handle_session_message{s="f900c2ef-7c80-41d1-ba44-0491aba59ed7"}:lock(shells):lock(pager_ctl):resize_lock(shell_to_client_ctl): close time.busy=19.2ms time.idle=7.12µs
2026-03-26T21:03:36.604205Z  INFO ThreadId(36) handle_conn{cid=14}:handle_session_message{s="f900c2ef-7c80-41d1-ba44-0491aba59ed7"}:lock(shells):lock(pager_ctl): close time.busy=19.2ms time.idle=6.75µs
2026-03-26T21:03:36.604211Z  INFO ThreadId(36) handle_conn{cid=14}:handle_session_message{s="f900c2ef-7c80-41d1-ba44-0491aba59ed7"}:lock(shells): close time.busy=19.2ms time.idle=7.25µs
2026-03-26T21:03:36.604217Z  INFO ThreadId(36) handle_conn{cid=14}:handle_session_message{s="f900c2ef-7c80-41d1-ba44-0491aba59ed7"}:write_reply: new
2026-03-26T21:03:36.604220Z  INFO ThreadId(11) shell->client{s="f900c2ef-7c80-41d1-ba44-0491aba59ed7" cid=2}: resized fd (rows=59, cols=94)
2026-03-26T21:03:36.604220Z  INFO ThreadId(37) handle_conn{cid=15}:handle_session_message{s="331a5746-8bd0-4d04-bfc6-030a562f8b79"}:lock(shells):lock(pager_ctl): new
2026-03-26T21:03:36.604238Z  INFO ThreadId(37) handle_conn{cid=15}:handle_session_message{s="331a5746-8bd0-4d04-bfc6-030a562f8b79"}:lock(shells):lock(pager_ctl):resize_lock(shell_to_client_ctl): new
2026-03-26T21:03:36.604241Z  INFO ThreadId(36) handle_conn{cid=14}:handle_session_message{s="f900c2ef-7c80-41d1-ba44-0491aba59ed7"}:write_reply: close time.busy=19.9µs time.idle=3.46µs
2026-03-26T21:03:36.604248Z  INFO ThreadId(36) handle_conn{cid=14}:handle_session_message{s="f900c2ef-7c80-41d1-ba44-0491aba59ed7"}: close time.busy=19.2ms time.idle=8.17µs
2026-03-26T21:03:36.604257Z  INFO ThreadId(36) handle_conn{cid=14}: close time.busy=19.4ms time.idle=40.0µs
2026-03-26T21:03:36.697376Z  INFO ThreadId(18) shell->client{s="331a5746-8bd0-4d04-bfc6-030a562f8b79" cid=4}: resize size=TtySize { rows: 28, cols: 94, xpixel: 1514, ypixel: 972 }
2026-03-26T21:03:36.697461Z  INFO ThreadId(37) handle_conn{cid=15}:handle_session_message{s="331a5746-8bd0-4d04-bfc6-030a562f8b79"}:lock(shells):lock(pager_ctl):resize_lock(shell_to_client_ctl): close time.busy=93.2ms time.idle=5.88µs
2026-03-26T21:03:36.697475Z  INFO ThreadId(37) handle_conn{cid=15}:handle_session_message{s="331a5746-8bd0-4d04-bfc6-030a562f8b79"}:lock(shells):lock(pager_ctl): close time.busy=93.2ms time.idle=17.1µs
2026-03-26T21:03:36.697476Z  INFO ThreadId(18) shell->client{s="331a5746-8bd0-4d04-bfc6-030a562f8b79" cid=4}: resized fd (rows=28, cols=94)
2026-03-26T21:03:36.697488Z  INFO ThreadId(38) handle_conn{cid=16}:handle_session_message{s="955872e3-5a23-43a6-8d0e-f5c3ad4093dd"}:lock(shells):lock(pager_ctl): new
2026-03-26T21:03:36.697495Z  INFO ThreadId(38) handle_conn{cid=16}:handle_session_message{s="955872e3-5a23-43a6-8d0e-f5c3ad4093dd"}:lock(shells):lock(pager_ctl):resize_lock(shell_to_client_ctl): new
2026-03-26T21:03:36.697482Z  INFO ThreadId(37) handle_conn{cid=15}:handle_session_message{s="331a5746-8bd0-4d04-bfc6-030a562f8b79"}:lock(shells): close time.busy=112ms time.idle=6.25µs
2026-03-26T21:03:36.697504Z  INFO ThreadId(37) handle_conn{cid=15}:handle_session_message{s="331a5746-8bd0-4d04-bfc6-030a562f8b79"}:write_reply: new
2026-03-26T21:03:36.697523Z  INFO ThreadId(37) handle_conn{cid=15}:handle_session_message{s="331a5746-8bd0-4d04-bfc6-030a562f8b79"}:write_reply: close time.busy=15.0µs time.idle=3.75µs
2026-03-26T21:03:36.697527Z  INFO ThreadId(37) handle_conn{cid=15}:handle_session_message{s="331a5746-8bd0-4d04-bfc6-030a562f8b79"}: close time.busy=112ms time.idle=7.50µs
2026-03-26T21:03:36.697537Z  INFO ThreadId(37) handle_conn{cid=15}: close time.busy=113ms time.idle=47.9µs
2026-03-26T21:03:36.747282Z  INFO ThreadId(29) shell->client{s="955872e3-5a23-43a6-8d0e-f5c3ad4093dd" cid=10}: resize size=TtySize { rows: 28, cols: 94, xpixel: 1514, ypixel: 972 }
2026-03-26T21:03:36.747325Z  INFO ThreadId(38) handle_conn{cid=16}:handle_session_message{s="955872e3-5a23-43a6-8d0e-f5c3ad4093dd"}:lock(shells):lock(pager_ctl):resize_lock(shell_to_client_ctl): close time.busy=49.8ms time.idle=4.00µs
2026-03-26T21:03:36.747350Z  INFO ThreadId(38) handle_conn{cid=16}:handle_session_message{s="955872e3-5a23-43a6-8d0e-f5c3ad4093dd"}:lock(shells):lock(pager_ctl): close time.busy=49.9ms time.idle=6.50µs
2026-03-26T21:03:36.747337Z  INFO ThreadId(29) shell->client{s="955872e3-5a23-43a6-8d0e-f5c3ad4093dd" cid=10}: resized fd (rows=28, cols=94)
2026-03-26T21:03:36.747357Z  INFO ThreadId(38) handle_conn{cid=16}:handle_session_message{s="955872e3-5a23-43a6-8d0e-f5c3ad4093dd"}:lock(shells): close time.busy=161ms time.idle=2.88µs
2026-03-26T21:03:36.747370Z  INFO ThreadId(38) handle_conn{cid=16}:handle_session_message{s="955872e3-5a23-43a6-8d0e-f5c3ad4093dd"}:write_reply: new
2026-03-26T21:03:36.747382Z  INFO ThreadId(38) handle_conn{cid=16}:handle_session_message{s="955872e3-5a23-43a6-8d0e-f5c3ad4093dd"}:write_reply: close time.busy=9.21µs time.idle=3.17µs
2026-03-26T21:03:36.747385Z  INFO ThreadId(38) handle_conn{cid=16}:handle_session_message{s="955872e3-5a23-43a6-8d0e-f5c3ad4093dd"}: close time.busy=161ms time.idle=3.75µs
2026-03-26T21:03:36.747397Z  INFO ThreadId(38) handle_conn{cid=16}: close time.busy=161ms time.idle=12.0µs
2026-03-26T21:04:05.551303Z  INFO ThreadId(01) run:serve: socket got a new connection
2026-03-26T21:04:05.552559Z  INFO ThreadId(39) handle_conn{cid=17}: new
2026-03-26T21:04:05.552666Z  INFO ThreadId(01) run:serve: socket got a new connection
2026-03-26T21:04:05.552698Z  INFO ThreadId(39) handle_conn{cid=17}:parse_connect_header: new
2026-03-26T21:04:05.553027Z  INFO ThreadId(40) handle_conn{cid=18}: new
2026-03-26T21:04:05.553072Z  INFO ThreadId(40) handle_conn{cid=18}:parse_connect_header: new
2026-03-26T21:04:05.553435Z  INFO ThreadId(39) handle_conn{cid=17}:parse_connect_header: close time.busy=714µs time.idle=21.8µs
2026-03-26T21:04:05.553486Z  INFO ThreadId(39) handle_conn{cid=17}:handle_session_message{s="955872e3-5a23-43a6-8d0e-f5c3ad4093dd"}: new
2026-03-26T21:04:05.553497Z  INFO ThreadId(39) handle_conn{cid=17}:handle_session_message{s="955872e3-5a23-43a6-8d0e-f5c3ad4093dd"}:lock(shells): new
2026-03-26T21:04:05.553506Z  INFO ThreadId(39) handle_conn{cid=17}:handle_session_message{s="955872e3-5a23-43a6-8d0e-f5c3ad4093dd"}:lock(shells):lock(pager_ctl): new
2026-03-26T21:04:05.553514Z  INFO ThreadId(39) handle_conn{cid=17}:handle_session_message{s="955872e3-5a23-43a6-8d0e-f5c3ad4093dd"}:lock(shells):lock(pager_ctl):resize_lock(shell_to_client_ctl): new
2026-03-26T21:04:05.553868Z  INFO ThreadId(01) run:serve: socket got a new connection
2026-03-26T21:04:05.553880Z  INFO ThreadId(40) handle_conn{cid=18}:parse_connect_header: close time.busy=794µs time.idle=13.8µs
2026-03-26T21:04:05.553904Z  INFO ThreadId(40) handle_conn{cid=18}:handle_session_message{s="331a5746-8bd0-4d04-bfc6-030a562f8b79"}: new
2026-03-26T21:04:05.553909Z  INFO ThreadId(40) handle_conn{cid=18}:handle_session_message{s="331a5746-8bd0-4d04-bfc6-030a562f8b79"}:lock(shells): new
2026-03-26T21:04:05.553978Z  INFO ThreadId(41) handle_conn{cid=19}: new
2026-03-26T21:04:05.553991Z  INFO ThreadId(41) handle_conn{cid=19}:parse_connect_header: new
2026-03-26T21:04:05.554035Z  INFO ThreadId(41) handle_conn{cid=19}:parse_connect_header: close time.busy=38.6µs time.idle=5.54µs
2026-03-26T21:04:05.554044Z  INFO ThreadId(41) handle_conn{cid=19}:handle_session_message{s="f900c2ef-7c80-41d1-ba44-0491aba59ed7"}: new
2026-03-26T21:04:05.554048Z  INFO ThreadId(41) handle_conn{cid=19}:handle_session_message{s="f900c2ef-7c80-41d1-ba44-0491aba59ed7"}:lock(shells): new
2026-03-26T21:04:05.654424Z  INFO ThreadId(29) shell->client{s="955872e3-5a23-43a6-8d0e-f5c3ad4093dd" cid=10}: resize size=TtySize { rows: 28, cols: 92, xpixel: 1479, ypixel: 972 }
2026-03-26T21:04:05.654487Z  INFO ThreadId(39) handle_conn{cid=17}:handle_session_message{s="955872e3-5a23-43a6-8d0e-f5c3ad4093dd"}:lock(shells):lock(pager_ctl):resize_lock(shell_to_client_ctl): close time.busy=101ms time.idle=7.62µs
2026-03-26T21:04:05.654497Z  INFO ThreadId(29) shell->client{s="955872e3-5a23-43a6-8d0e-f5c3ad4093dd" cid=10}: resized fd (rows=28, cols=92)
2026-03-26T21:04:05.654510Z  INFO ThreadId(39) handle_conn{cid=17}:handle_session_message{s="955872e3-5a23-43a6-8d0e-f5c3ad4093dd"}:lock(shells):lock(pager_ctl): close time.busy=101ms time.idle=7.75µs
2026-03-26T21:04:05.654533Z  INFO ThreadId(39) handle_conn{cid=17}:handle_session_message{s="955872e3-5a23-43a6-8d0e-f5c3ad4093dd"}:lock(shells): close time.busy=101ms time.idle=7.71µs
2026-03-26T21:04:05.654539Z  INFO ThreadId(39) handle_conn{cid=17}:handle_session_message{s="955872e3-5a23-43a6-8d0e-f5c3ad4093dd"}:write_reply: new
2026-03-26T21:04:05.654541Z  INFO ThreadId(40) handle_conn{cid=18}:handle_session_message{s="331a5746-8bd0-4d04-bfc6-030a562f8b79"}:lock(shells):lock(pager_ctl): new
2026-03-26T21:04:05.654548Z  INFO ThreadId(40) handle_conn{cid=18}:handle_session_message{s="331a5746-8bd0-4d04-bfc6-030a562f8b79"}:lock(shells):lock(pager_ctl):resize_lock(shell_to_client_ctl): new
2026-03-26T21:04:05.654555Z  INFO ThreadId(39) handle_conn{cid=17}:handle_session_message{s="955872e3-5a23-43a6-8d0e-f5c3ad4093dd"}:write_reply: close time.busy=13.2µs time.idle=3.29µs
2026-03-26T21:04:05.654559Z  INFO ThreadId(39) handle_conn{cid=17}:handle_session_message{s="955872e3-5a23-43a6-8d0e-f5c3ad4093dd"}: close time.busy=101ms time.idle=11.0µs
2026-03-26T21:04:05.654567Z  INFO ThreadId(39) handle_conn{cid=17}: close time.busy=102ms time.idle=84.8µs
2026-03-26T21:04:05.654591Z  INFO ThreadId(01) run:serve: socket got a new connection
2026-03-26T21:04:05.654624Z  INFO ThreadId(42) handle_conn{cid=20}: new
2026-03-26T21:04:05.654636Z  INFO ThreadId(42) handle_conn{cid=20}:parse_connect_header: new
2026-03-26T21:04:05.654675Z  INFO ThreadId(42) handle_conn{cid=20}:parse_connect_header: close time.busy=35.9µs time.idle=2.62µs
2026-03-26T21:04:05.654695Z  INFO ThreadId(42) handle_conn{cid=20}:handle_session_message{s="955872e3-5a23-43a6-8d0e-f5c3ad4093dd"}: new
2026-03-26T21:04:05.654698Z  INFO ThreadId(42) handle_conn{cid=20}:handle_session_message{s="955872e3-5a23-43a6-8d0e-f5c3ad4093dd"}:lock(shells): new
2026-03-26T21:04:05.801903Z  INFO ThreadId(18) shell->client{s="331a5746-8bd0-4d04-bfc6-030a562f8b79" cid=4}: resize size=TtySize { rows: 28, cols: 94, xpixel: 1513, ypixel: 972 }
2026-03-26T21:04:05.801952Z  INFO ThreadId(40) handle_conn{cid=18}:handle_session_message{s="331a5746-8bd0-4d04-bfc6-030a562f8b79"}:lock(shells):lock(pager_ctl):resize_lock(shell_to_client_ctl): close time.busy=147ms time.idle=3.88µs
2026-03-26T21:04:05.801968Z  INFO ThreadId(18) shell->client{s="331a5746-8bd0-4d04-bfc6-030a562f8b79" cid=4}: resized fd (rows=28, cols=94)
2026-03-26T21:04:05.801970Z  INFO ThreadId(40) handle_conn{cid=18}:handle_session_message{s="331a5746-8bd0-4d04-bfc6-030a562f8b79"}:lock(shells):lock(pager_ctl): close time.busy=147ms time.idle=6.67µs
2026-03-26T21:04:05.801982Z  INFO ThreadId(40) handle_conn{cid=18}:handle_session_message{s="331a5746-8bd0-4d04-bfc6-030a562f8b79"}:lock(shells): close time.busy=248ms time.idle=4.13µs
2026-03-26T21:04:05.801987Z  INFO ThreadId(40) handle_conn{cid=18}:handle_session_message{s="331a5746-8bd0-4d04-bfc6-030a562f8b79"}:write_reply: new
2026-03-26T21:04:05.801989Z  INFO ThreadId(41) handle_conn{cid=19}:handle_session_message{s="f900c2ef-7c80-41d1-ba44-0491aba59ed7"}:lock(shells):lock(pager_ctl): new
2026-03-26T21:04:05.801996Z  INFO ThreadId(41) handle_conn{cid=19}:handle_session_message{s="f900c2ef-7c80-41d1-ba44-0491aba59ed7"}:lock(shells):lock(pager_ctl):resize_lock(shell_to_client_ctl): new
2026-03-26T21:04:05.802007Z  INFO ThreadId(40) handle_conn{cid=18}:handle_session_message{s="331a5746-8bd0-4d04-bfc6-030a562f8b79"}:write_reply: close time.busy=17.8µs time.idle=3.00µs
2026-03-26T21:04:05.802012Z  INFO ThreadId(40) handle_conn{cid=18}:handle_session_message{s="331a5746-8bd0-4d04-bfc6-030a562f8b79"}: close time.busy=248ms time.idle=5.58µs
2026-03-26T21:04:05.802020Z  INFO ThreadId(40) handle_conn{cid=18}: close time.busy=249ms time.idle=30.1µs
2026-03-26T21:04:05.802048Z  INFO ThreadId(01) run:serve: socket got a new connection
2026-03-26T21:04:05.802078Z  INFO ThreadId(43) handle_conn{cid=21}: new
2026-03-26T21:04:05.802091Z  INFO ThreadId(43) handle_conn{cid=21}:parse_connect_header: new
2026-03-26T21:04:05.802130Z  INFO ThreadId(43) handle_conn{cid=21}:parse_connect_header: close time.busy=36.5µs time.idle=3.04µs
2026-03-26T21:04:05.802152Z  INFO ThreadId(43) handle_conn{cid=21}:handle_session_message{s="331a5746-8bd0-4d04-bfc6-030a562f8b79"}: new
2026-03-26T21:04:05.802155Z  INFO ThreadId(43) handle_conn{cid=21}:handle_session_message{s="331a5746-8bd0-4d04-bfc6-030a562f8b79"}:lock(shells): new
2026-03-26T21:04:05.862705Z  INFO ThreadId(11) shell->client{s="f900c2ef-7c80-41d1-ba44-0491aba59ed7" cid=2}: resize size=TtySize { rows: 59, cols: 94, xpixel: 1515, ypixel: 2014 }
2026-03-26T21:04:05.862742Z  INFO ThreadId(41) handle_conn{cid=19}:handle_session_message{s="f900c2ef-7c80-41d1-ba44-0491aba59ed7"}:lock(shells):lock(pager_ctl):resize_lock(shell_to_client_ctl): close time.busy=60.7ms time.idle=3.21µs
2026-03-26T21:04:05.862761Z  INFO ThreadId(41) handle_conn{cid=19}:handle_session_message{s="f900c2ef-7c80-41d1-ba44-0491aba59ed7"}:lock(shells):lock(pager_ctl): close time.busy=60.8ms time.idle=6.79µs
2026-03-26T21:04:05.862748Z  INFO ThreadId(11) shell->client{s="f900c2ef-7c80-41d1-ba44-0491aba59ed7" cid=2}: resized fd (rows=59, cols=94)
2026-03-26T21:04:05.862774Z  INFO ThreadId(42) handle_conn{cid=20}:handle_session_message{s="955872e3-5a23-43a6-8d0e-f5c3ad4093dd"}:lock(shells):lock(pager_ctl): new
2026-03-26T21:04:05.862786Z  INFO ThreadId(42) handle_conn{cid=20}:handle_session_message{s="955872e3-5a23-43a6-8d0e-f5c3ad4093dd"}:lock(shells):lock(pager_ctl):resize_lock(shell_to_client_ctl): new
2026-03-26T21:04:05.862770Z  INFO ThreadId(41) handle_conn{cid=19}:handle_session_message{s="f900c2ef-7c80-41d1-ba44-0491aba59ed7"}:lock(shells): close time.busy=309ms time.idle=2.75µs
2026-03-26T21:04:05.862798Z  INFO ThreadId(41) handle_conn{cid=19}:handle_session_message{s="f900c2ef-7c80-41d1-ba44-0491aba59ed7"}:write_reply: new
2026-03-26T21:04:05.862811Z  INFO ThreadId(41) handle_conn{cid=19}:handle_session_message{s="f900c2ef-7c80-41d1-ba44-0491aba59ed7"}:write_reply: close time.busy=9.92µs time.idle=3.75µs
2026-03-26T21:04:05.862817Z  INFO ThreadId(41) handle_conn{cid=19}:handle_session_message{s="f900c2ef-7c80-41d1-ba44-0491aba59ed7"}: close time.busy=309ms time.idle=3.12µs
2026-03-26T21:04:05.862824Z  INFO ThreadId(41) handle_conn{cid=19}: close time.busy=309ms time.idle=6.71µs
2026-03-26T21:04:05.862851Z  INFO ThreadId(01) run:serve: socket got a new connection
2026-03-26T21:04:05.862877Z  INFO ThreadId(44) handle_conn{cid=22}: new
2026-03-26T21:04:05.862890Z  INFO ThreadId(44) handle_conn{cid=22}:parse_connect_header: new
2026-03-26T21:04:05.862929Z  INFO ThreadId(44) handle_conn{cid=22}:parse_connect_header: close time.busy=35.5µs time.idle=3.62µs
2026-03-26T21:04:05.862944Z  INFO ThreadId(44) handle_conn{cid=22}:handle_session_message{s="f900c2ef-7c80-41d1-ba44-0491aba59ed7"}: new
2026-03-26T21:04:05.862946Z  INFO ThreadId(44) handle_conn{cid=22}:handle_session_message{s="f900c2ef-7c80-41d1-ba44-0491aba59ed7"}:lock(shells): new
2026-03-26T21:04:06.000294Z  INFO ThreadId(29) shell->client{s="955872e3-5a23-43a6-8d0e-f5c3ad4093dd" cid=10}: resize size=TtySize { rows: 28, cols: 89, xpixel: 1435, ypixel: 972 }
2026-03-26T21:04:06.000357Z  INFO ThreadId(42) handle_conn{cid=20}:handle_session_message{s="955872e3-5a23-43a6-8d0e-f5c3ad4093dd"}:lock(shells):lock(pager_ctl):resize_lock(shell_to_client_ctl): close time.busy=138ms time.idle=7.21µs
2026-03-26T21:04:06.000382Z  INFO ThreadId(29) shell->client{s="955872e3-5a23-43a6-8d0e-f5c3ad4093dd" cid=10}: resized fd (rows=28, cols=89)
2026-03-26T21:04:06.000388Z  INFO ThreadId(42) handle_conn{cid=20}:handle_session_message{s="955872e3-5a23-43a6-8d0e-f5c3ad4093dd"}:lock(shells):lock(pager_ctl): close time.busy=138ms time.idle=11.0µs
2026-03-26T21:04:06.000404Z  INFO ThreadId(42) handle_conn{cid=20}:handle_session_message{s="955872e3-5a23-43a6-8d0e-f5c3ad4093dd"}:lock(shells): close time.busy=346ms time.idle=2.04µs
2026-03-26T21:04:06.000423Z  INFO ThreadId(42) handle_conn{cid=20}:handle_session_message{s="955872e3-5a23-43a6-8d0e-f5c3ad4093dd"}:write_reply: new
2026-03-26T21:04:06.000414Z  INFO ThreadId(43) handle_conn{cid=21}:handle_session_message{s="331a5746-8bd0-4d04-bfc6-030a562f8b79"}:lock(shells):lock(pager_ctl): new
2026-03-26T21:04:06.000435Z  INFO ThreadId(43) handle_conn{cid=21}:handle_session_message{s="331a5746-8bd0-4d04-bfc6-030a562f8b79"}:lock(shells):lock(pager_ctl):resize_lock(shell_to_client_ctl): new
2026-03-26T21:04:06.000439Z  INFO ThreadId(42) handle_conn{cid=20}:handle_session_message{s="955872e3-5a23-43a6-8d0e-f5c3ad4093dd"}:write_reply: close time.busy=12.0µs time.idle=3.92µs
2026-03-26T21:04:06.000445Z  INFO ThreadId(42) handle_conn{cid=20}:handle_session_message{s="955872e3-5a23-43a6-8d0e-f5c3ad4093dd"}: close time.busy=346ms time.idle=2.38µs
2026-03-26T21:04:06.000456Z  INFO ThreadId(42) handle_conn{cid=20}: close time.busy=346ms time.idle=5.75µs
2026-03-26T21:04:06.000490Z  INFO ThreadId(01) run:serve: socket got a new connection
2026-03-26T21:04:06.000535Z  INFO ThreadId(45) handle_conn{cid=23}: new
2026-03-26T21:04:06.000548Z  INFO ThreadId(45) handle_conn{cid=23}:parse_connect_header: new
2026-03-26T21:04:06.000596Z  INFO ThreadId(45) handle_conn{cid=23}:parse_connect_header: close time.busy=44.9µs time.idle=3.50µs
2026-03-26T21:04:06.000615Z  INFO ThreadId(45) handle_conn{cid=23}:handle_session_message{s="955872e3-5a23-43a6-8d0e-f5c3ad4093dd"}: new
2026-03-26T21:04:06.000619Z  INFO ThreadId(45) handle_conn{cid=23}:handle_session_message{s="955872e3-5a23-43a6-8d0e-f5c3ad4093dd"}:lock(shells): new
2026-03-26T21:04:06.004011Z  INFO ThreadId(18) shell->client{s="331a5746-8bd0-4d04-bfc6-030a562f8b79" cid=4}: resize size=TtySize { rows: 28, cols: 87, xpixel: 1403, ypixel: 972 }
2026-03-26T21:04:06.004030Z  INFO ThreadId(43) handle_conn{cid=21}:handle_session_message{s="331a5746-8bd0-4d04-bfc6-030a562f8b79"}:lock(shells):lock(pager_ctl):resize_lock(shell_to_client_ctl): close time.busy=3.59ms time.idle=4.54µs
2026-03-26T21:04:06.004046Z  INFO ThreadId(43) handle_conn{cid=21}:handle_session_message{s="331a5746-8bd0-4d04-bfc6-030a562f8b79"}:lock(shells):lock(pager_ctl): close time.busy=3.61ms time.idle=21.0µs
2026-03-26T21:04:06.004034Z  INFO ThreadId(18) shell->client{s="331a5746-8bd0-4d04-bfc6-030a562f8b79" cid=4}: resized fd (rows=28, cols=87)
2026-03-26T21:04:06.004056Z  INFO ThreadId(43) handle_conn{cid=21}:handle_session_message{s="331a5746-8bd0-4d04-bfc6-030a562f8b79"}:lock(shells): close time.busy=202ms time.idle=1.88µs
2026-03-26T21:04:06.004063Z  INFO ThreadId(44) handle_conn{cid=22}:handle_session_message{s="f900c2ef-7c80-41d1-ba44-0491aba59ed7"}:lock(shells):lock(pager_ctl): new
2026-03-26T21:04:06.004070Z  INFO ThreadId(44) handle_conn{cid=22}:handle_session_message{s="f900c2ef-7c80-41d1-ba44-0491aba59ed7"}:lock(shells):lock(pager_ctl):resize_lock(shell_to_client_ctl): new
2026-03-26T21:04:06.004064Z  INFO ThreadId(43) handle_conn{cid=21}:handle_session_message{s="331a5746-8bd0-4d04-bfc6-030a562f8b79"}:write_reply: new
2026-03-26T21:04:06.004097Z  INFO ThreadId(43) handle_conn{cid=21}:handle_session_message{s="331a5746-8bd0-4d04-bfc6-030a562f8b79"}:write_reply: close time.busy=10.2µs time.idle=22.8µs
2026-03-26T21:04:06.004103Z  INFO ThreadId(43) handle_conn{cid=21}:handle_session_message{s="331a5746-8bd0-4d04-bfc6-030a562f8b79"}: close time.busy=202ms time.idle=2.29µs
2026-03-26T21:04:06.004113Z  INFO ThreadId(43) handle_conn{cid=21}: close time.busy=202ms time.idle=6.33µs
2026-03-26T21:04:06.004128Z  INFO ThreadId(01) run:serve: socket got a new connection
2026-03-26T21:04:06.004152Z  INFO ThreadId(46) handle_conn{cid=24}: new
2026-03-26T21:04:06.004161Z  INFO ThreadId(46) handle_conn{cid=24}:parse_connect_header: new
2026-03-26T21:04:06.004205Z  INFO ThreadId(46) handle_conn{cid=24}:parse_connect_header: close time.busy=41.1µs time.idle=2.96µs
2026-03-26T21:04:06.004217Z  INFO ThreadId(46) handle_conn{cid=24}:handle_session_message{s="331a5746-8bd0-4d04-bfc6-030a562f8b79"}: new
2026-03-26T21:04:06.004228Z  INFO ThreadId(46) handle_conn{cid=24}:handle_session_message{s="331a5746-8bd0-4d04-bfc6-030a562f8b79"}:lock(shells): new
2026-03-26T21:04:06.064819Z  INFO ThreadId(11) shell->client{s="f900c2ef-7c80-41d1-ba44-0491aba59ed7" cid=2}: resize size=TtySize { rows: 59, cols: 101, xpixel: 1631, ypixel: 2014 }
2026-03-26T21:04:06.064852Z  INFO ThreadId(44) handle_conn{cid=22}:handle_session_message{s="f900c2ef-7c80-41d1-ba44-0491aba59ed7"}:lock(shells):lock(pager_ctl):resize_lock(shell_to_client_ctl): close time.busy=60.8ms time.idle=4.83µs
2026-03-26T21:04:06.064864Z  INFO ThreadId(44) handle_conn{cid=22}:handle_session_message{s="f900c2ef-7c80-41d1-ba44-0491aba59ed7"}:lock(shells):lock(pager_ctl): close time.busy=60.8ms time.idle=6.50µs
2026-03-26T21:04:06.064855Z  INFO ThreadId(11) shell->client{s="f900c2ef-7c80-41d1-ba44-0491aba59ed7" cid=2}: resized fd (rows=59, cols=101)
2026-03-26T21:04:06.064877Z  INFO ThreadId(45) handle_conn{cid=23}:handle_session_message{s="955872e3-5a23-43a6-8d0e-f5c3ad4093dd"}:lock(shells):lock(pager_ctl): new
2026-03-26T21:04:06.064883Z  INFO ThreadId(45) handle_conn{cid=23}:handle_session_message{s="955872e3-5a23-43a6-8d0e-f5c3ad4093dd"}:lock(shells):lock(pager_ctl):resize_lock(shell_to_client_ctl): new
2026-03-26T21:04:06.064872Z  INFO ThreadId(44) handle_conn{cid=22}:handle_session_message{s="f900c2ef-7c80-41d1-ba44-0491aba59ed7"}:lock(shells): close time.busy=202ms time.idle=2.00µs
2026-03-26T21:04:06.064892Z  INFO ThreadId(44) handle_conn{cid=22}:handle_session_message{s="f900c2ef-7c80-41d1-ba44-0491aba59ed7"}:write_reply: new
2026-03-26T21:04:06.064906Z  INFO ThreadId(44) handle_conn{cid=22}:handle_session_message{s="f900c2ef-7c80-41d1-ba44-0491aba59ed7"}:write_reply: close time.busy=11.0µs time.idle=3.25µs
2026-03-26T21:04:06.064910Z  INFO ThreadId(44) handle_conn{cid=22}:handle_session_message{s="f900c2ef-7c80-41d1-ba44-0491aba59ed7"}: close time.busy=202ms time.idle=2.58µs
2026-03-26T21:04:06.064918Z  INFO ThreadId(44) handle_conn{cid=22}: close time.busy=202ms time.idle=5.67µs
2026-03-26T21:04:06.139745Z  INFO ThreadId(29) shell->client{s="955872e3-5a23-43a6-8d0e-f5c3ad4093dd" cid=10}: resize size=TtySize { rows: 28, cols: 87, xpixel: 1397, ypixel: 972 }
2026-03-26T21:04:06.139833Z  INFO ThreadId(45) handle_conn{cid=23}:handle_session_message{s="955872e3-5a23-43a6-8d0e-f5c3ad4093dd"}:lock(shells):lock(pager_ctl):resize_lock(shell_to_client_ctl): close time.busy=74.9ms time.idle=3.67µs
2026-03-26T21:04:06.139843Z  INFO ThreadId(29) shell->client{s="955872e3-5a23-43a6-8d0e-f5c3ad4093dd" cid=10}: resized fd (rows=28, cols=87)
2026-03-26T21:04:06.139845Z  INFO ThreadId(45) handle_conn{cid=23}:handle_session_message{s="955872e3-5a23-43a6-8d0e-f5c3ad4093dd"}:lock(shells):lock(pager_ctl): close time.busy=75.0ms time.idle=5.50µs
2026-03-26T21:04:06.139859Z  INFO ThreadId(45) handle_conn{cid=23}:handle_session_message{s="955872e3-5a23-43a6-8d0e-f5c3ad4093dd"}:lock(shells): close time.busy=139ms time.idle=2.88µs
2026-03-26T21:04:06.139864Z  INFO ThreadId(45) handle_conn{cid=23}:handle_session_message{s="955872e3-5a23-43a6-8d0e-f5c3ad4093dd"}:write_reply: new
2026-03-26T21:04:06.139866Z  INFO ThreadId(46) handle_conn{cid=24}:handle_session_message{s="331a5746-8bd0-4d04-bfc6-030a562f8b79"}:lock(shells):lock(pager_ctl): new
2026-03-26T21:04:06.139873Z  INFO ThreadId(46) handle_conn{cid=24}:handle_session_message{s="331a5746-8bd0-4d04-bfc6-030a562f8b79"}:lock(shells):lock(pager_ctl):resize_lock(shell_to_client_ctl): new
2026-03-26T21:04:06.139882Z  INFO ThreadId(45) handle_conn{cid=23}:handle_session_message{s="955872e3-5a23-43a6-8d0e-f5c3ad4093dd"}:write_reply: close time.busy=14.5µs time.idle=3.75µs
2026-03-26T21:04:06.139886Z  INFO ThreadId(45) handle_conn{cid=23}:handle_session_message{s="955872e3-5a23-43a6-8d0e-f5c3ad4093dd"}: close time.busy=139ms time.idle=3.29µs
2026-03-26T21:04:06.139896Z  INFO ThreadId(45) handle_conn{cid=23}: close time.busy=139ms time.idle=6.04µs
2026-03-26T21:04:06.240020Z  INFO ThreadId(18) shell->client{s="331a5746-8bd0-4d04-bfc6-030a562f8b79" cid=4}: resize size=TtySize { rows: 28, cols: 87, xpixel: 1397, ypixel: 972 }
2026-03-26T21:04:06.240103Z  INFO ThreadId(18) shell->client{s="331a5746-8bd0-4d04-bfc6-030a562f8b79" cid=4}: resized fd (rows=28, cols=87)
2026-03-26T21:04:06.240100Z  INFO ThreadId(46) handle_conn{cid=24}:handle_session_message{s="331a5746-8bd0-4d04-bfc6-030a562f8b79"}:lock(shells):lock(pager_ctl):resize_lock(shell_to_client_ctl): close time.busy=100ms time.idle=4.25µs
2026-03-26T21:04:06.240120Z  INFO ThreadId(46) handle_conn{cid=24}:handle_session_message{s="331a5746-8bd0-4d04-bfc6-030a562f8b79"}:lock(shells):lock(pager_ctl): close time.busy=100ms time.idle=6.46µs
2026-03-26T21:04:06.240125Z  INFO ThreadId(46) handle_conn{cid=24}:handle_session_message{s="331a5746-8bd0-4d04-bfc6-030a562f8b79"}:lock(shells): close time.busy=236ms time.idle=2.88µs
2026-03-26T21:04:06.240131Z  INFO ThreadId(46) handle_conn{cid=24}:handle_session_message{s="331a5746-8bd0-4d04-bfc6-030a562f8b79"}:write_reply: new
2026-03-26T21:04:06.240147Z  INFO ThreadId(46) handle_conn{cid=24}:handle_session_message{s="331a5746-8bd0-4d04-bfc6-030a562f8b79"}:write_reply: close time.busy=13.0µs time.idle=3.46µs
2026-03-26T21:04:06.240152Z  INFO ThreadId(46) handle_conn{cid=24}:handle_session_message{s="331a5746-8bd0-4d04-bfc6-030a562f8b79"}: close time.busy=236ms time.idle=10.7µs
2026-03-26T21:04:06.240160Z  INFO ThreadId(46) handle_conn{cid=24}: close time.busy=236ms time.idle=3.92µs
2026-03-26T21:04:06.483296Z  INFO ThreadId(01) run:serve: socket got a new connection
2026-03-26T21:04:06.483353Z  INFO ThreadId(47) handle_conn{cid=25}: new
2026-03-26T21:04:06.483372Z  INFO ThreadId(47) handle_conn{cid=25}:parse_connect_header: new
2026-03-26T21:04:06.483423Z  INFO ThreadId(47) handle_conn{cid=25}:parse_connect_header: close time.busy=45.4µs time.idle=5.50µs
2026-03-26T21:04:06.483444Z  INFO ThreadId(47) handle_conn{cid=25}:handle_session_message{s="955872e3-5a23-43a6-8d0e-f5c3ad4093dd"}: new
2026-03-26T21:04:06.483447Z  INFO ThreadId(47) handle_conn{cid=25}:handle_session_message{s="955872e3-5a23-43a6-8d0e-f5c3ad4093dd"}:lock(shells): new
2026-03-26T21:04:06.483451Z  INFO ThreadId(47) handle_conn{cid=25}:handle_session_message{s="955872e3-5a23-43a6-8d0e-f5c3ad4093dd"}:lock(shells):lock(pager_ctl): new
2026-03-26T21:04:06.483454Z  INFO ThreadId(47) handle_conn{cid=25}:handle_session_message{s="955872e3-5a23-43a6-8d0e-f5c3ad4093dd"}:lock(shells):lock(pager_ctl):resize_lock(shell_to_client_ctl): new
2026-03-26T21:04:06.483497Z  INFO ThreadId(01) run:serve: socket got a new connection
2026-03-26T21:04:06.483515Z  INFO ThreadId(48) handle_conn{cid=26}: new
2026-03-26T21:04:06.483522Z  INFO ThreadId(48) handle_conn{cid=26}:parse_connect_header: new
2026-03-26T21:04:06.483578Z  INFO ThreadId(48) handle_conn{cid=26}:parse_connect_header: close time.busy=52.5µs time.idle=2.88µs
2026-03-26T21:04:06.483596Z  INFO ThreadId(48) handle_conn{cid=26}:handle_session_message{s="331a5746-8bd0-4d04-bfc6-030a562f8b79"}: new
2026-03-26T21:04:06.483600Z  INFO ThreadId(48) handle_conn{cid=26}:handle_session_message{s="331a5746-8bd0-4d04-bfc6-030a562f8b79"}:lock(shells): new
2026-03-26T21:04:06.485559Z  INFO ThreadId(01) run:serve: socket got a new connection
2026-03-26T21:04:06.485599Z  INFO ThreadId(49) handle_conn{cid=27}: new
2026-03-26T21:04:06.485613Z  INFO ThreadId(49) handle_conn{cid=27}:parse_connect_header: new
2026-03-26T21:04:06.485672Z  INFO ThreadId(49) handle_conn{cid=27}:parse_connect_header: close time.busy=55.3µs time.idle=3.67µs
2026-03-26T21:04:06.485685Z  INFO ThreadId(49) handle_conn{cid=27}:handle_session_message{s="f900c2ef-7c80-41d1-ba44-0491aba59ed7"}: new
2026-03-26T21:04:06.485688Z  INFO ThreadId(49) handle_conn{cid=27}:handle_session_message{s="f900c2ef-7c80-41d1-ba44-0491aba59ed7"}:lock(shells): new
2026-03-26T21:04:06.574440Z  INFO ThreadId(29) shell->client{s="955872e3-5a23-43a6-8d0e-f5c3ad4093dd" cid=10}: resize size=TtySize { rows: 28, cols: 85, xpixel: 1362, ypixel: 972 }
2026-03-26T21:04:06.574510Z  INFO ThreadId(47) handle_conn{cid=25}:handle_session_message{s="955872e3-5a23-43a6-8d0e-f5c3ad4093dd"}:lock(shells):lock(pager_ctl):resize_lock(shell_to_client_ctl): close time.busy=91.1ms time.idle=4.87µs
2026-03-26T21:04:06.574524Z  INFO ThreadId(47) handle_conn{cid=25}:handle_session_message{s="955872e3-5a23-43a6-8d0e-f5c3ad4093dd"}:lock(shells):lock(pager_ctl): close time.busy=91.1ms time.idle=2.58µs
2026-03-26T21:04:06.574531Z  INFO ThreadId(47) handle_conn{cid=25}:handle_session_message{s="955872e3-5a23-43a6-8d0e-f5c3ad4093dd"}:lock(shells): close time.busy=91.1ms time.idle=2.79µs
2026-03-26T21:04:06.574537Z  INFO ThreadId(47) handle_conn{cid=25}:handle_session_message{s="955872e3-5a23-43a6-8d0e-f5c3ad4093dd"}:write_reply: new
2026-03-26T21:04:06.574541Z  INFO ThreadId(48) handle_conn{cid=26}:handle_session_message{s="331a5746-8bd0-4d04-bfc6-030a562f8b79"}:lock(shells):lock(pager_ctl): new
2026-03-26T21:04:06.574557Z  INFO ThreadId(48) handle_conn{cid=26}:handle_session_message{s="331a5746-8bd0-4d04-bfc6-030a562f8b79"}:lock(shells):lock(pager_ctl):resize_lock(shell_to_client_ctl): new
2026-03-26T21:04:06.574565Z  INFO ThreadId(47) handle_conn{cid=25}:handle_session_message{s="955872e3-5a23-43a6-8d0e-f5c3ad4093dd"}:write_reply: close time.busy=22.2µs time.idle=5.37µs
2026-03-26T21:04:06.574569Z  INFO ThreadId(47) handle_conn{cid=25}:handle_session_message{s="955872e3-5a23-43a6-8d0e-f5c3ad4093dd"}: close time.busy=91.1ms time.idle=3.21µs
2026-03-26T21:04:06.574580Z  INFO ThreadId(47) handle_conn{cid=25}: close time.busy=91.2ms time.idle=10.4µs
2026-03-26T21:04:06.574532Z  INFO ThreadId(29) shell->client{s="955872e3-5a23-43a6-8d0e-f5c3ad4093dd" cid=10}: resized fd (rows=28, cols=85)
2026-03-26T21:04:06.574617Z  INFO ThreadId(01) run:serve: socket got a new connection
2026-03-26T21:04:06.574643Z  INFO ThreadId(50) handle_conn{cid=28}: new
2026-03-26T21:04:06.574655Z  INFO ThreadId(50) handle_conn{cid=28}:parse_connect_header: new
2026-03-26T21:04:06.574695Z  INFO ThreadId(50) handle_conn{cid=28}:parse_connect_header: close time.busy=35.7µs time.idle=4.63µs
2026-03-26T21:04:06.574714Z  INFO ThreadId(50) handle_conn{cid=28}:handle_session_message{s="955872e3-5a23-43a6-8d0e-f5c3ad4093dd"}: new
2026-03-26T21:04:06.574717Z  INFO ThreadId(50) handle_conn{cid=28}:handle_session_message{s="955872e3-5a23-43a6-8d0e-f5c3ad4093dd"}:lock(shells): new
2026-03-26T21:04:06.644235Z  INFO ThreadId(18) shell->client{s="331a5746-8bd0-4d04-bfc6-030a562f8b79" cid=4}: resize size=TtySize { rows: 28, cols: 85, xpixel: 1362, ypixel: 972 }
2026-03-26T21:04:06.644320Z  INFO ThreadId(48) handle_conn{cid=26}:handle_session_message{s="331a5746-8bd0-4d04-bfc6-030a562f8b79"}:lock(shells):lock(pager_ctl):resize_lock(shell_to_client_ctl): close time.busy=69.8ms time.idle=6.67µs
2026-03-26T21:04:06.644325Z  INFO ThreadId(18) shell->client{s="331a5746-8bd0-4d04-bfc6-030a562f8b79" cid=4}: resized fd (rows=28, cols=85)
2026-03-26T21:04:06.644334Z  INFO ThreadId(48) handle_conn{cid=26}:handle_session_message{s="331a5746-8bd0-4d04-bfc6-030a562f8b79"}:lock(shells):lock(pager_ctl): close time.busy=69.8ms time.idle=15.6µs
2026-03-26T21:04:06.644348Z  INFO ThreadId(48) handle_conn{cid=26}:handle_session_message{s="331a5746-8bd0-4d04-bfc6-030a562f8b79"}:lock(shells): close time.busy=161ms time.idle=3.42µs
2026-03-26T21:04:06.644354Z  INFO ThreadId(48) handle_conn{cid=26}:handle_session_message{s="331a5746-8bd0-4d04-bfc6-030a562f8b79"}:write_reply: new
2026-03-26T21:04:06.644356Z  INFO ThreadId(49) handle_conn{cid=27}:handle_session_message{s="f900c2ef-7c80-41d1-ba44-0491aba59ed7"}:lock(shells):lock(pager_ctl): new
2026-03-26T21:04:06.644363Z  INFO ThreadId(49) handle_conn{cid=27}:handle_session_message{s="f900c2ef-7c80-41d1-ba44-0491aba59ed7"}:lock(shells):lock(pager_ctl):resize_lock(shell_to_client_ctl): new
2026-03-26T21:04:06.644368Z  INFO ThreadId(48) handle_conn{cid=26}:handle_session_message{s="331a5746-8bd0-4d04-bfc6-030a562f8b79"}:write_reply: close time.busy=11.2µs time.idle=3.08µs
2026-03-26T21:04:06.644372Z  INFO ThreadId(48) handle_conn{cid=26}:handle_session_message{s="331a5746-8bd0-4d04-bfc6-030a562f8b79"}: close time.busy=161ms time.idle=4.58µs
2026-03-26T21:04:06.644378Z  INFO ThreadId(48) handle_conn{cid=26}: close time.busy=161ms time.idle=3.58µs
2026-03-26T21:04:06.644412Z  INFO ThreadId(01) run:serve: socket got a new connection
2026-03-26T21:04:06.644444Z  INFO ThreadId(51) handle_conn{cid=29}: new
2026-03-26T21:04:06.644454Z  INFO ThreadId(51) handle_conn{cid=29}:parse_connect_header: new
2026-03-26T21:04:06.644492Z  INFO ThreadId(51) handle_conn{cid=29}:parse_connect_header: close time.busy=34.9µs time.idle=2.50µs
2026-03-26T21:04:06.644506Z  INFO ThreadId(51) handle_conn{cid=29}:handle_session_message{s="331a5746-8bd0-4d04-bfc6-030a562f8b79"}: new
2026-03-26T21:04:06.644508Z  INFO ThreadId(51) handle_conn{cid=29}:handle_session_message{s="331a5746-8bd0-4d04-bfc6-030a562f8b79"}:lock(shells): new
2026-03-26T21:04:06.704505Z  INFO ThreadId(11) shell->client{s="f900c2ef-7c80-41d1-ba44-0491aba59ed7" cid=2}: resize size=TtySize { rows: 59, cols: 99, xpixel: 1598, ypixel: 2014 }
2026-03-26T21:04:06.704585Z  INFO ThreadId(49) handle_conn{cid=27}:handle_session_message{s="f900c2ef-7c80-41d1-ba44-0491aba59ed7"}:lock(shells):lock(pager_ctl):resize_lock(shell_to_client_ctl): close time.busy=60.2ms time.idle=3.75µs
2026-03-26T21:04:06.704592Z  INFO ThreadId(11) shell->client{s="f900c2ef-7c80-41d1-ba44-0491aba59ed7" cid=2}: resized fd (rows=59, cols=99)
2026-03-26T21:04:06.704599Z  INFO ThreadId(49) handle_conn{cid=27}:handle_session_message{s="f900c2ef-7c80-41d1-ba44-0491aba59ed7"}:lock(shells):lock(pager_ctl): close time.busy=60.2ms time.idle=7.00µs
2026-03-26T21:04:06.704610Z  INFO ThreadId(49) handle_conn{cid=27}:handle_session_message{s="f900c2ef-7c80-41d1-ba44-0491aba59ed7"}:lock(shells): close time.busy=219ms time.idle=2.25µs
2026-03-26T21:04:06.704615Z  INFO ThreadId(49) handle_conn{cid=27}:handle_session_message{s="f900c2ef-7c80-41d1-ba44-0491aba59ed7"}:write_reply: new
2026-03-26T21:04:06.704617Z  INFO ThreadId(50) handle_conn{cid=28}:handle_session_message{s="955872e3-5a23-43a6-8d0e-f5c3ad4093dd"}:lock(shells):lock(pager_ctl): new
2026-03-26T21:04:06.704623Z  INFO ThreadId(50) handle_conn{cid=28}:handle_session_message{s="955872e3-5a23-43a6-8d0e-f5c3ad4093dd"}:lock(shells):lock(pager_ctl):resize_lock(shell_to_client_ctl): new
2026-03-26T21:04:06.704630Z  INFO ThreadId(49) handle_conn{cid=27}:handle_session_message{s="f900c2ef-7c80-41d1-ba44-0491aba59ed7"}:write_reply: close time.busy=11.3µs time.idle=3.00µs
2026-03-26T21:04:06.704634Z  INFO ThreadId(49) handle_conn{cid=27}:handle_session_message{s="f900c2ef-7c80-41d1-ba44-0491aba59ed7"}: close time.busy=219ms time.idle=2.75µs
2026-03-26T21:04:06.704645Z  INFO ThreadId(49) handle_conn{cid=27}: close time.busy=219ms time.idle=6.12µs
2026-03-26T21:04:06.704673Z  INFO ThreadId(01) run:serve: socket got a new connection
2026-03-26T21:04:06.704705Z  INFO ThreadId(52) handle_conn{cid=30}: new
2026-03-26T21:04:06.704718Z  INFO ThreadId(52) handle_conn{cid=30}:parse_connect_header: new
2026-03-26T21:04:06.704754Z  INFO ThreadId(52) handle_conn{cid=30}:parse_connect_header: close time.busy=33.1µs time.idle=2.92µs
2026-03-26T21:04:06.704767Z  INFO ThreadId(52) handle_conn{cid=30}:handle_session_message{s="f900c2ef-7c80-41d1-ba44-0491aba59ed7"}: new
2026-03-26T21:04:06.704769Z  INFO ThreadId(52) handle_conn{cid=30}:handle_session_message{s="f900c2ef-7c80-41d1-ba44-0491aba59ed7"}:lock(shells): new
2026-03-26T21:04:06.706652Z  INFO ThreadId(29) shell->client{s="955872e3-5a23-43a6-8d0e-f5c3ad4093dd" cid=10}: resize size=TtySize { rows: 28, cols: 87, xpixel: 1399, ypixel: 972 }
2026-03-26T21:04:06.706690Z  INFO ThreadId(29) shell->client{s="955872e3-5a23-43a6-8d0e-f5c3ad4093dd" cid=10}: resized fd (rows=28, cols=87)
2026-03-26T21:04:06.706691Z  INFO ThreadId(50) handle_conn{cid=28}:handle_session_message{s="955872e3-5a23-43a6-8d0e-f5c3ad4093dd"}:lock(shells):lock(pager_ctl):resize_lock(shell_to_client_ctl): close time.busy=2.07ms time.idle=2.83µs
2026-03-26T21:04:06.706701Z  INFO ThreadId(50) handle_conn{cid=28}:handle_session_message{s="955872e3-5a23-43a6-8d0e-f5c3ad4093dd"}:lock(shells):lock(pager_ctl): close time.busy=2.08ms time.idle=5.50µs
2026-03-26T21:04:06.706706Z  INFO ThreadId(50) handle_conn{cid=28}:handle_session_message{s="955872e3-5a23-43a6-8d0e-f5c3ad4093dd"}:lock(shells): close time.busy=132ms time.idle=2.54µs
2026-03-26T21:04:06.706709Z  INFO ThreadId(50) handle_conn{cid=28}:handle_session_message{s="955872e3-5a23-43a6-8d0e-f5c3ad4093dd"}:write_reply: new
2026-03-26T21:04:06.706715Z  INFO ThreadId(51) handle_conn{cid=29}:handle_session_message{s="331a5746-8bd0-4d04-bfc6-030a562f8b79"}:lock(shells):lock(pager_ctl): new
2026-03-26T21:04:06.706754Z  INFO ThreadId(51) handle_conn{cid=29}:handle_session_message{s="331a5746-8bd0-4d04-bfc6-030a562f8b79"}:lock(shells):lock(pager_ctl):resize_lock(shell_to_client_ctl): new
2026-03-26T21:04:06.706719Z  INFO ThreadId(50) handle_conn{cid=28}:handle_session_message{s="955872e3-5a23-43a6-8d0e-f5c3ad4093dd"}:write_reply: close time.busy=7.58µs time.idle=2.42µs
2026-03-26T21:04:06.706792Z  INFO ThreadId(50) handle_conn{cid=28}:handle_session_message{s="955872e3-5a23-43a6-8d0e-f5c3ad4093dd"}: close time.busy=132ms time.idle=2.79µs
2026-03-26T21:04:06.706796Z  INFO ThreadId(50) handle_conn{cid=28}: close time.busy=132ms time.idle=6.12µs
2026-03-26T21:04:06.775191Z  INFO ThreadId(18) shell->client{s="331a5746-8bd0-4d04-bfc6-030a562f8b79" cid=4}: resize size=TtySize { rows: 28, cols: 87, xpixel: 1399, ypixel: 972 }
2026-03-26T21:04:06.775270Z  INFO ThreadId(51) handle_conn{cid=29}:handle_session_message{s="331a5746-8bd0-4d04-bfc6-030a562f8b79"}:lock(shells):lock(pager_ctl):resize_lock(shell_to_client_ctl): close time.busy=68.5ms time.idle=19.6µs
2026-03-26T21:04:06.775281Z  INFO ThreadId(18) shell->client{s="331a5746-8bd0-4d04-bfc6-030a562f8b79" cid=4}: resized fd (rows=28, cols=87)
2026-03-26T21:04:06.775282Z  INFO ThreadId(51) handle_conn{cid=29}:handle_session_message{s="331a5746-8bd0-4d04-bfc6-030a562f8b79"}:lock(shells):lock(pager_ctl): close time.busy=68.5ms time.idle=38.8µs
2026-03-26T21:04:06.775294Z  INFO ThreadId(51) handle_conn{cid=29}:handle_session_message{s="331a5746-8bd0-4d04-bfc6-030a562f8b79"}:lock(shells): close time.busy=131ms time.idle=1.92µs
2026-03-26T21:04:06.775299Z  INFO ThreadId(51) handle_conn{cid=29}:handle_session_message{s="331a5746-8bd0-4d04-bfc6-030a562f8b79"}:write_reply: new
2026-03-26T21:04:06.775304Z  INFO ThreadId(52) handle_conn{cid=30}:handle_session_message{s="f900c2ef-7c80-41d1-ba44-0491aba59ed7"}:lock(shells):lock(pager_ctl): new
2026-03-26T21:04:06.775310Z  INFO ThreadId(52) handle_conn{cid=30}:handle_session_message{s="f900c2ef-7c80-41d1-ba44-0491aba59ed7"}:lock(shells):lock(pager_ctl):resize_lock(shell_to_client_ctl): new
2026-03-26T21:04:06.775314Z  INFO ThreadId(51) handle_conn{cid=29}:handle_session_message{s="331a5746-8bd0-4d04-bfc6-030a562f8b79"}:write_reply: close time.busy=11.2µs time.idle=3.42µs
2026-03-26T21:04:06.775318Z  INFO ThreadId(51) handle_conn{cid=29}:handle_session_message{s="331a5746-8bd0-4d04-bfc6-030a562f8b79"}: close time.busy=131ms time.idle=2.21µs
2026-03-26T21:04:06.775328Z  INFO ThreadId(51) handle_conn{cid=29}: close time.busy=131ms time.idle=4.50µs
2026-03-26T21:04:06.839234Z  INFO ThreadId(11) shell->client{s="f900c2ef-7c80-41d1-ba44-0491aba59ed7" cid=2}: resize size=TtySize { rows: 59, cols: 101, xpixel: 1629, ypixel: 2014 }
2026-03-26T21:04:06.839330Z  INFO ThreadId(52) handle_conn{cid=30}:handle_session_message{s="f900c2ef-7c80-41d1-ba44-0491aba59ed7"}:lock(shells):lock(pager_ctl):resize_lock(shell_to_client_ctl): close time.busy=64.0ms time.idle=3.54µs
2026-03-26T21:04:06.839336Z  INFO ThreadId(11) shell->client{s="f900c2ef-7c80-41d1-ba44-0491aba59ed7" cid=2}: resized fd (rows=59, cols=101)
2026-03-26T21:04:06.839346Z  INFO ThreadId(52) handle_conn{cid=30}:handle_session_message{s="f900c2ef-7c80-41d1-ba44-0491aba59ed7"}:lock(shells):lock(pager_ctl): close time.busy=64.0ms time.idle=5.58µs
2026-03-26T21:04:06.839357Z  INFO ThreadId(52) handle_conn{cid=30}:handle_session_message{s="f900c2ef-7c80-41d1-ba44-0491aba59ed7"}:lock(shells): close time.busy=135ms time.idle=2.00µs
2026-03-26T21:04:06.839364Z  INFO ThreadId(52) handle_conn{cid=30}:handle_session_message{s="f900c2ef-7c80-41d1-ba44-0491aba59ed7"}:write_reply: new
2026-03-26T21:04:06.839378Z  INFO ThreadId(52) handle_conn{cid=30}:handle_session_message{s="f900c2ef-7c80-41d1-ba44-0491aba59ed7"}:write_reply: close time.busy=11.9µs time.idle=2.75µs
2026-03-26T21:04:06.839381Z  INFO ThreadId(52) handle_conn{cid=30}:handle_session_message{s="f900c2ef-7c80-41d1-ba44-0491aba59ed7"}: close time.busy=135ms time.idle=2.25µs
2026-03-26T21:04:06.839391Z  INFO ThreadId(52) handle_conn{cid=30}: close time.busy=135ms time.idle=4.46µs
2026-03-26T21:04:23.422208Z  INFO ThreadId(01) run:serve: socket got a new connection
2026-03-26T21:04:23.422314Z  INFO ThreadId(53) handle_conn{cid=31}: new
2026-03-26T21:04:23.422350Z  INFO ThreadId(53) handle_conn{cid=31}:parse_connect_header: new
2026-03-26T21:04:23.422413Z  INFO ThreadId(53) handle_conn{cid=31}:parse_connect_header: close time.busy=53.5µs time.idle=9.79µs
2026-03-26T21:04:23.422456Z  INFO ThreadId(53) handle_conn{cid=31}:handle_session_message{s="f900c2ef-7c80-41d1-ba44-0491aba59ed7"}: new
2026-03-26T21:04:23.422463Z  INFO ThreadId(53) handle_conn{cid=31}:handle_session_message{s="f900c2ef-7c80-41d1-ba44-0491aba59ed7"}:lock(shells): new
2026-03-26T21:04:23.422470Z  INFO ThreadId(53) handle_conn{cid=31}:handle_session_message{s="f900c2ef-7c80-41d1-ba44-0491aba59ed7"}:lock(shells):lock(pager_ctl): new
2026-03-26T21:04:23.422475Z  INFO ThreadId(53) handle_conn{cid=31}:handle_session_message{s="f900c2ef-7c80-41d1-ba44-0491aba59ed7"}:lock(shells):lock(pager_ctl):resize_lock(shell_to_client_ctl): new
2026-03-26T21:04:23.425021Z  INFO ThreadId(01) run:serve: socket got a new connection
2026-03-26T21:04:23.425080Z  INFO ThreadId(54) handle_conn{cid=32}: new
2026-03-26T21:04:23.425099Z  INFO ThreadId(54) handle_conn{cid=32}:parse_connect_header: new
2026-03-26T21:04:23.425174Z  INFO ThreadId(54) handle_conn{cid=32}:parse_connect_header: close time.busy=69.8µs time.idle=5.54µs
2026-03-26T21:04:23.425196Z  INFO ThreadId(54) handle_conn{cid=32}:handle_session_message{s="331a5746-8bd0-4d04-bfc6-030a562f8b79"}: new
2026-03-26T21:04:23.425201Z  INFO ThreadId(54) handle_conn{cid=32}:handle_session_message{s="331a5746-8bd0-4d04-bfc6-030a562f8b79"}:lock(shells): new
2026-03-26T21:04:23.425727Z  INFO ThreadId(01) run:serve: socket got a new connection
2026-03-26T21:04:23.425822Z  INFO ThreadId(55) handle_conn{cid=33}: new
2026-03-26T21:04:23.425867Z  INFO ThreadId(55) handle_conn{cid=33}:parse_connect_header: new
2026-03-26T21:04:23.425943Z  INFO ThreadId(55) handle_conn{cid=33}:parse_connect_header: close time.busy=59.6µs time.idle=16.8µs
2026-03-26T21:04:23.425985Z  INFO ThreadId(55) handle_conn{cid=33}:handle_session_message{s="955872e3-5a23-43a6-8d0e-f5c3ad4093dd"}: new
2026-03-26T21:04:23.425995Z  INFO ThreadId(55) handle_conn{cid=33}:handle_session_message{s="955872e3-5a23-43a6-8d0e-f5c3ad4093dd"}:lock(shells): new
2026-03-26T21:04:23.453300Z  INFO ThreadId(11) shell->client{s="f900c2ef-7c80-41d1-ba44-0491aba59ed7" cid=2}: resize size=TtySize { rows: 59, cols: 99, xpixel: 1595, ypixel: 2014 }
2026-03-26T21:04:23.453352Z  INFO ThreadId(53) handle_conn{cid=31}:handle_session_message{s="f900c2ef-7c80-41d1-ba44-0491aba59ed7"}:lock(shells):lock(pager_ctl):resize_lock(shell_to_client_ctl): close time.busy=30.9ms time.idle=4.88µs
2026-03-26T21:04:23.453364Z  INFO ThreadId(53) handle_conn{cid=31}:handle_session_message{s="f900c2ef-7c80-41d1-ba44-0491aba59ed7"}:lock(shells):lock(pager_ctl): close time.busy=30.9ms time.idle=4.92µs
2026-03-26T21:04:23.453371Z  INFO ThreadId(53) handle_conn{cid=31}:handle_session_message{s="f900c2ef-7c80-41d1-ba44-0491aba59ed7"}:lock(shells): close time.busy=30.9ms time.idle=5.54µs
2026-03-26T21:04:23.453377Z  INFO ThreadId(53) handle_conn{cid=31}:handle_session_message{s="f900c2ef-7c80-41d1-ba44-0491aba59ed7"}:write_reply: new
2026-03-26T21:04:23.453380Z  INFO ThreadId(54) handle_conn{cid=32}:handle_session_message{s="331a5746-8bd0-4d04-bfc6-030a562f8b79"}:lock(shells):lock(pager_ctl): new
2026-03-26T21:04:23.453392Z  INFO ThreadId(54) handle_conn{cid=32}:handle_session_message{s="331a5746-8bd0-4d04-bfc6-030a562f8b79"}:lock(shells):lock(pager_ctl):resize_lock(shell_to_client_ctl): new
2026-03-26T21:04:23.453396Z  INFO ThreadId(53) handle_conn{cid=31}:handle_session_message{s="f900c2ef-7c80-41d1-ba44-0491aba59ed7"}:write_reply: close time.busy=15.8µs time.idle=3.62µs
2026-03-26T21:04:23.453402Z  INFO ThreadId(53) handle_conn{cid=31}:handle_session_message{s="f900c2ef-7c80-41d1-ba44-0491aba59ed7"}: close time.busy=30.9ms time.idle=7.04µs
2026-03-26T21:04:23.453410Z  INFO ThreadId(53) handle_conn{cid=31}: close time.busy=31.1ms time.idle=19.5µs
2026-03-26T21:04:23.453383Z  INFO ThreadId(11) shell->client{s="f900c2ef-7c80-41d1-ba44-0491aba59ed7" cid=2}: resized fd (rows=59, cols=99)
2026-03-26T21:04:23.462677Z  INFO ThreadId(18) shell->client{s="331a5746-8bd0-4d04-bfc6-030a562f8b79" cid=4}: resize size=TtySize { rows: 28, cols: 85, xpixel: 1365, ypixel: 972 }
2026-03-26T21:04:23.462725Z  INFO ThreadId(54) handle_conn{cid=32}:handle_session_message{s="331a5746-8bd0-4d04-bfc6-030a562f8b79"}:lock(shells):lock(pager_ctl):resize_lock(shell_to_client_ctl): close time.busy=9.33ms time.idle=5.29µs
2026-03-26T21:04:23.462740Z  INFO ThreadId(18) shell->client{s="331a5746-8bd0-4d04-bfc6-030a562f8b79" cid=4}: resized fd (rows=28, cols=85)
2026-03-26T21:04:23.462767Z  INFO ThreadId(54) handle_conn{cid=32}:handle_session_message{s="331a5746-8bd0-4d04-bfc6-030a562f8b79"}:lock(shells):lock(pager_ctl): close time.busy=9.38ms time.idle=11.4µs
2026-03-26T21:04:23.462802Z  INFO ThreadId(54) handle_conn{cid=32}:handle_session_message{s="331a5746-8bd0-4d04-bfc6-030a562f8b79"}:lock(shells): close time.busy=37.6ms time.idle=4.08µs
2026-03-26T21:04:23.462809Z  INFO ThreadId(55) handle_conn{cid=33}:handle_session_message{s="955872e3-5a23-43a6-8d0e-f5c3ad4093dd"}:lock(shells):lock(pager_ctl): new
2026-03-26T21:04:23.462815Z  INFO ThreadId(54) handle_conn{cid=32}:handle_session_message{s="331a5746-8bd0-4d04-bfc6-030a562f8b79"}:write_reply: new
2026-03-26T21:04:23.462826Z  INFO ThreadId(55) handle_conn{cid=33}:handle_session_message{s="955872e3-5a23-43a6-8d0e-f5c3ad4093dd"}:lock(shells):lock(pager_ctl):resize_lock(shell_to_client_ctl): new
2026-03-26T21:04:23.462871Z  INFO ThreadId(54) handle_conn{cid=32}:handle_session_message{s="331a5746-8bd0-4d04-bfc6-030a562f8b79"}:write_reply: close time.busy=28.2µs time.idle=27.8µs
2026-03-26T21:04:23.462888Z  INFO ThreadId(54) handle_conn{cid=32}:handle_session_message{s="331a5746-8bd0-4d04-bfc6-030a562f8b79"}: close time.busy=37.7ms time.idle=4.62µs
2026-03-26T21:04:23.462901Z  INFO ThreadId(54) handle_conn{cid=32}: close time.busy=37.8ms time.idle=9.21µs
2026-03-26T21:04:23.550897Z  INFO ThreadId(29) shell->client{s="955872e3-5a23-43a6-8d0e-f5c3ad4093dd" cid=10}: resize size=TtySize { rows: 28, cols: 85, xpixel: 1365, ypixel: 972 }
2026-03-26T21:04:23.550947Z  INFO ThreadId(55) handle_conn{cid=33}:handle_session_message{s="955872e3-5a23-43a6-8d0e-f5c3ad4093dd"}:lock(shells):lock(pager_ctl):resize_lock(shell_to_client_ctl): close time.busy=88.1ms time.idle=25.1µs
2026-03-26T21:04:23.550961Z  INFO ThreadId(29) shell->client{s="955872e3-5a23-43a6-8d0e-f5c3ad4093dd" cid=10}: resized fd (rows=28, cols=85)
2026-03-26T21:04:23.550963Z  INFO ThreadId(55) handle_conn{cid=33}:handle_session_message{s="955872e3-5a23-43a6-8d0e-f5c3ad4093dd"}:lock(shells):lock(pager_ctl): close time.busy=88.1ms time.idle=16.9µs
2026-03-26T21:04:23.550974Z  INFO ThreadId(55) handle_conn{cid=33}:handle_session_message{s="955872e3-5a23-43a6-8d0e-f5c3ad4093dd"}:lock(shells): close time.busy=125ms time.idle=7.38µs
2026-03-26T21:04:23.550980Z  INFO ThreadId(55) handle_conn{cid=33}:handle_session_message{s="955872e3-5a23-43a6-8d0e-f5c3ad4093dd"}:write_reply: new
2026-03-26T21:04:23.550995Z  INFO ThreadId(55) handle_conn{cid=33}:handle_session_message{s="955872e3-5a23-43a6-8d0e-f5c3ad4093dd"}:write_reply: close time.busy=11.4µs time.idle=3.79µs
2026-03-26T21:04:23.550999Z  INFO ThreadId(55) handle_conn{cid=33}:handle_session_message{s="955872e3-5a23-43a6-8d0e-f5c3ad4093dd"}: close time.busy=125ms time.idle=9.04µs
2026-03-26T21:04:23.551009Z  INFO ThreadId(55) handle_conn{cid=33}: close time.busy=125ms time.idle=15.3µs
